<?xml version="1.0" encoding="UTF-8"?>
<!-- Generated by org.testng.reporters.JUnitReportReporter -->
<testsuite hostname="OB-Nidhi" failures="0" tests="1" name="tests.Ticket311.Un_F2S_SupplierBill" time="38.769" errors="0" timestamp="2021-08-06T18:10:05 IST" skipped="0">
  <testcase classname="tests.Ticket311.Un_F2S_SupplierBill" name="GoToUrlAssertUrlPositiveEnternLOGINPositiveEnternPASSClickLoginGoToUrlAssertUrlClickAgentsP1" time="38.769"/>
  <system-out/>
</testsuite> <!-- tests.Ticket311.Un_F2S_SupplierBill -->
