<?xml version="1.0" encoding="UTF-8"?>
<!-- Generated by org.testng.reporters.JUnitReportReporter -->
<testsuite hostname="OB-Nidhi" failures="0" tests="1" name="tests.SupFlatToStandardReconcilation.ScriptEditSettingToVATType_Suplier_FtoS" time="41.961" errors="0" timestamp="2021-04-29T08:30:49 IST" skipped="0">
  <testcase classname="tests.SupFlatToStandardReconcilation.ScriptEditSettingToVATType_Suplier_FtoS" name="GoToUrlAssertUrlPositiveEnterUserNamePositiveEnterPasswordClickLoginButtonGoToUrlAssertUrlCl2" time="41.961"/>
  <system-out/>
</testsuite> <!-- tests.SupFlatToStandardReconcilation.ScriptEditSettingToVATType_Suplier_FtoS -->
