<?xml version="1.0" encoding="UTF-8"?>
<!-- Generated by org.testng.reporters.JUnitReportReporter -->
<testsuite hostname="OB-Nidhi" failures="0" tests="1" name="tests.Ticket311.sm311_Ticket311" time="37.747" errors="0" timestamp="2021-08-02T17:22:33 IST" skipped="0">
  <testcase classname="tests.Ticket311.sm311_Ticket311" name="GoToUrlAssertUrlClickAdvisorToolsToplftClickNominalCodlinkPositiveEnterSearchCodeinputPositive" time="37.747"/>
  <system-out/>
</testsuite> <!-- tests.Ticket311.sm311_Ticket311 -->
