<?xml version="1.0" encoding="UTF-8"?>
<!-- Generated by org.testng.reporters.JUnitReportReporter -->
<testsuite hostname="OB-Nidhi" failures="0" tests="2" name="tests.reconcileFlatToStand.SaleInToReconcileForVATOnly_DefaultProfile" time="164.028" errors="0" timestamp="2021-04-21T13:54:04 IST" skipped="0">
  <testcase classname="tests.reconcileFlatToStand.SaleInToReconcileForVATOnly_DefaultProfile" name="GoToUrlAssertUrlPositiveEnternLOGINPositiveEnternPASSClickLoginGoToUrlAssertUrlClickAgentsP2" time="82.500"/>
  <system-out/>
  <testcase classname="tests.reconcileFlatToStand.SaleInToReconcileForVATOnly_DefaultProfile" name="GoToUrlAssertUrlPositiveEnternLOGINPositiveEnternPASSClickLoginGoToUrlAssertUrlClickAgentsP1" time="81.528"/>
  <system-out/>
</testsuite> <!-- tests.reconcileFlatToStand.SaleInToReconcileForVATOnly_DefaultProfile -->
