<?xml version="1.0" encoding="UTF-8"?>
<!-- Generated by org.testng.reporters.JUnitReportReporter -->
<testsuite hostname="OB-Nidhi" failures="0" tests="1" name="VAT2.S2F.scriptaddvatrate_addvatrate_StoF_Cus" time="53.535" errors="0" timestamp="2021-07-30T22:29:26 IST" skipped="0">
  <testcase classname="VAT2.S2F.scriptaddvatrate_addvatrate_StoF_Cus" name="addvatrateGoToUrlAssertUrlPositiveEnternLOGINPositiveEnternPASSClickLoginGoToUrlAssertUrlCl7" time="53.535"/>
  <system-out/>
</testsuite> <!-- VAT2.S2F.scriptaddvatrate_addvatrate_StoF_Cus -->
