<?xml version="1.0" encoding="UTF-8"?>
<!-- Generated by org.testng.reporters.JUnitReportReporter -->
<testsuite hostname="OB-Nidhi" failures="0" tests="1" name="VAT3_UnReconciled_S2_NOVAT.UN_SubcontractorBill_SubContractor_S2NOVAT" time="41.073" errors="0" timestamp="2021-07-28T20:37:48 IST" skipped="0">
  <testcase classname="VAT3_UnReconciled_S2_NOVAT.UN_SubcontractorBill_SubContractor_S2NOVAT" name="GoToUrlClickExpenditureMenu1ClickNewmenu2ClickNewSubcontractorBill3PositiveEnterBillNo4Positiv" time="41.073"/>
  <system-out/>
</testsuite> <!-- VAT3_UnReconciled_S2_NOVAT.UN_SubcontractorBill_SubContractor_S2NOVAT -->
