<?xml version="1.0" encoding="UTF-8"?>
<!-- Generated by org.testng.reporters.JUnitReportReporter -->
<testsuite hostname="OB-Nidhi" failures="0" tests="1" name="VAT3.FullREC_F2_NOVAT.Supplier_SupplierBill_Default2" time="93.098" errors="0" timestamp="2021-07-31T16:22:49 IST" skipped="0">
  <testcase classname="VAT3.FullREC_F2_NOVAT.Supplier_SupplierBill_Default2" name="GoToUrlAssertUrlPositiveEnternLOGINPositiveEnternPASSClickLoginGoToUrlAssertUrlClickAgentsP1" time="93.098"/>
  <system-out/>
</testsuite> <!-- VAT3.FullREC_F2_NOVAT.Supplier_SupplierBill_Default2 -->
