<?xml version="1.0" encoding="UTF-8"?>
<!-- Generated by org.testng.reporters.JUnitReportReporter -->
<testsuite hostname="OB-Nidhi" failures="0" tests="1" name="tests.Bank_Upload_CSV.DownloadCSV_Template" time="43.483" errors="0" timestamp="2021-10-18T10:15:01 IST" skipped="0">
  <testcase classname="tests.Bank_Upload_CSV.DownloadCSV_Template" name="GoToUrlClickbankmenu1ClickUploadCSV2ClickDownloadCSV3" time="43.483"/>
  <system-out/>
</testsuite> <!-- tests.Bank_Upload_CSV.DownloadCSV_Template -->
