<?xml version="1.0" encoding="UTF-8"?>
<!-- Generated by org.testng.reporters.JUnitReportReporter -->
<testsuite hostname="OB-Nidhi" failures="0" tests="1" name="VAT2.S2F.ScriptEditSettingToVATType_StoF_Cus" time="49.409" errors="0" timestamp="2021-07-30T22:30:56 IST" skipped="0">
  <testcase classname="VAT2.S2F.ScriptEditSettingToVATType_StoF_Cus" name="GoToUrlAssertUrlPositiveEnterUserNamePositiveEnterPasswordClickLoginButtonGoToUrlAssertUrlCl2" time="49.409"/>
  <system-out/>
</testsuite> <!-- VAT2.S2F.ScriptEditSettingToVATType_StoF_Cus -->
