<?xml version="1.0" encoding="UTF-8"?>
<!-- Generated by org.testng.reporters.JUnitReportReporter -->
<testsuite hostname="OB-Nidhi" failures="0" tests="1" name="tests.Ticket311.Supplier__notmatchdta_Soltrad" time="36.173" errors="0" timestamp="2021-08-20T10:45:15 IST" skipped="0">
  <testcase classname="tests.Ticket311.Supplier__notmatchdta_Soltrad" name="GoToUrlAssertUrlPositiveEnternLOGINPositiveEnternPASSClickLoginGoToUrlAssertUrlClickAgentsP1" time="36.173"/>
  <system-out/>
</testsuite> <!-- tests.Ticket311.Supplier__notmatchdta_Soltrad -->
