<?xml version="1.0" encoding="UTF-8"?>
<!-- Generated by org.testng.reporters.JUnitReportReporter -->
<testsuite hostname="OB-Nidhi" failures="0" tests="1" name="tests.reconcileFlatToStand.ScriptEditSettingToVATType_DefaultProfile" time="96.531" errors="0" timestamp="2021-04-21T13:54:04 IST" skipped="0">
  <testcase classname="tests.reconcileFlatToStand.ScriptEditSettingToVATType_DefaultProfile" name="GoToUrlAssertUrlPositiveEnterUserNamePositiveEnterPasswordClickLoginButtonGoToUrlAssertUrlCl2" time="96.531"/>
  <system-out/>
</testsuite> <!-- tests.reconcileFlatToStand.ScriptEditSettingToVATType_DefaultProfile -->
