<?xml version="1.0" encoding="UTF-8"?>
<!-- Generated by org.testng.reporters.JUnitReportReporter -->
<testsuite hostname="OB-Nidhi" failures="0" tests="1" name="tests.Sales_Customer_add.salemenu1_salemenu" time="42.999" errors="0" timestamp="2021-10-18T22:09:54 IST" skipped="0">
  <testcase classname="tests.Sales_Customer_add.salemenu1_salemenu" name="GoToUrlClickSalesmenu1ClickSalesViewmenu2ClickCustList3ClickAddCustomer4" time="42.999"/>
  <system-out/>
</testsuite> <!-- tests.Sales_Customer_add.salemenu1_salemenu -->
