<?xml version="1.0" encoding="UTF-8"?>
<!-- Generated by org.testng.reporters.JUnitReportReporter -->
<testsuite hostname="OB-Nidhi" failures="0" tests="1" name="SM457.salesdb_saledb" time="33.760" errors="0" timestamp="2021-04-20T16:40:35 IST" skipped="0">
  <testcase classname="SM457.salesdb_saledb" name="saledbGoToUrlPositiveSelectSelectcustomerPositiveSelectsearchcateEnterEntertranscodeClickpayme1" time="33.760"/>
  <system-out/>
</testsuite> <!-- SM457.salesdb_saledb -->
