<?xml version="1.0" encoding="UTF-8"?>
<!-- Generated by org.testng.reporters.JUnitReportReporter -->
<testsuite hostname="OB-Nidhi" failures="0" tests="1" name="VAT3_UnReconciled_STOF.UN_SupplierBill_StoF__Default1" time="44.748" errors="0" timestamp="2021-07-31T16:44:20 IST" skipped="0">
  <testcase classname="VAT3_UnReconciled_STOF.UN_SupplierBill_StoF__Default1" name="GoToUrlAssertUrlPositiveEnternLOGINPositiveEnternPASSClickLoginGoToUrlAssertUrlClickAgentsP9" time="44.748"/>
  <system-out/>
</testsuite> <!-- VAT3_UnReconciled_STOF.UN_SupplierBill_StoF__Default1 -->
