<?xml version="1.0" encoding="UTF-8"?>
<!-- Generated by org.testng.reporters.JUnitReportReporter -->
<testsuite hostname="OB-Nidhi" failures="0" tests="1" name="VAT3.FullREC_F2_NOVAT.Suplier_addvatrate_Addvat1" time="38.897" errors="0" timestamp="2021-07-28T20:37:48 IST" skipped="0">
  <testcase classname="VAT3.FullREC_F2_NOVAT.Suplier_addvatrate_Addvat1" name="GoToUrlAssertUrlPositiveSelectVATStatus1PositiveEnterEffectiveDatePositiveSelectFlatrateBusines" time="38.897"/>
  <system-out/>
</testsuite> <!-- VAT3.FullREC_F2_NOVAT.Suplier_addvatrate_Addvat1 -->
