<?xml version="1.0" encoding="UTF-8"?>
<!-- Generated by org.testng.reporters.JUnitReportReporter -->
<testsuite hostname="OB-Nidhi" failures="0" tests="1" name="VAT2.S2NoVAT.S2noVAT_SaleInToReconcileForCreditNote_22" time="94.710" errors="0" timestamp="2021-07-29T22:07:44 IST" skipped="0">
  <testcase classname="VAT2.S2NoVAT.S2noVAT_SaleInToReconcileForCreditNote_22" name="GoToUrlAssertUrlPositiveEnternLOGINPositiveEnternPASSClickLoginGoToUrlAssertUrlClickAgentsP71" time="94.710"/>
  <system-out/>
</testsuite> <!-- VAT2.S2NoVAT.S2noVAT_SaleInToReconcileForCreditNote_22 -->
