<?xml version="1.0" encoding="UTF-8"?>
<!-- Generated by org.testng.reporters.JUnitReportReporter -->
<testsuite hostname="OB-Nidhi" failures="0" tests="2" name="tests.Bank_new_Trans.bank_Bulk_spent" time="91.142" errors="0" timestamp="2021-10-09T16:36:48 IST" skipped="0">
  <testcase classname="tests.Bank_new_Trans.bank_Bulk_spent" name="nidbanktrnGoToUrlAssertUrlPositiveEnternLOGINPositiveEnternPASSClickLoginGoToUrlAssertUrlCl1" time="46.242"/>
  <system-out/>
  <testcase classname="tests.Bank_new_Trans.bank_Bulk_spent" name="nidbanktrnGoToUrlAssertUrlPositiveEnternLOGINPositiveEnternPASSClickLoginGoToUrlAssertUrlCl2" time="44.900"/>
  <system-out/>
</testsuite> <!-- tests.Bank_new_Trans.bank_Bulk_spent -->
