<?xml version="1.0" encoding="UTF-8"?>
<!-- Generated by org.testng.reporters.JUnitReportReporter -->
<testsuite hostname="OB-Nidhi" failures="0" tests="1" name="VAT2.S2NoVAT.S2noVAT_ScriptVATReturn1stVATReturnReport_SToFlat_60" time="90.881" errors="0" timestamp="2021-07-28T20:37:48 IST" skipped="0">
  <testcase classname="VAT2.S2NoVAT.S2noVAT_ScriptVATReturn1stVATReturnReport_SToFlat_60" name="GoToUrlAssertUrlPositiveEnterUserNamePositiveEnterPasswordClickLoginButtonGoToUrlAssertUrlCl" time="90.881"/>
  <system-out/>
</testsuite> <!-- VAT2.S2NoVAT.S2noVAT_ScriptVATReturn1stVATReturnReport_SToFlat_60 -->
