<?xml version="1.0" encoding="UTF-8"?>
<!-- Generated by org.testng.reporters.JUnitReportReporter -->
<testsuite hostname="OB-Nidhi" failures="0" tests="1" name="tests.Bank_Rule.UnreconsiledInterface_RunRule1" time="54.145" errors="0" timestamp="2021-08-26T15:51:40 IST" skipped="0">
  <testcase classname="tests.Bank_Rule.UnreconsiledInterface_RunRule1" name="GoToUrlClickUnrecoTransPositiveSelectselbnkdropdownPositiveSelectSeldaterangedropdownPositiveEn" time="54.145"/>
  <system-out/>
</testsuite> <!-- tests.Bank_Rule.UnreconsiledInterface_RunRule1 -->
