<?xml version="1.0" encoding="UTF-8"?>
<!-- Generated by org.testng.reporters.JUnitReportReporter -->
<testsuite hostname="OB-Nidhi" failures="0" tests="1" name="VAT2.F2S.SaleInToReconcileForCreditNote_DefaultProfile1" time="89.929" errors="0" timestamp="2021-07-30T22:51:52 IST" skipped="0">
  <testcase classname="VAT2.F2S.SaleInToReconcileForCreditNote_DefaultProfile1" name="GoToUrlAssertUrlPositiveEnternLOGINPositiveEnternPASSClickLoginGoToUrlAssertUrlClickAgentsP71" time="89.929"/>
  <system-out/>
</testsuite> <!-- VAT2.F2S.SaleInToReconcileForCreditNote_DefaultProfile1 -->
