<?xml version="1.0" encoding="UTF-8"?>
<!-- Generated by org.testng.reporters.JUnitReportReporter -->
<testsuite hostname="OB-Nidhi" failures="0" tests="1" name="tests.supplierbill.Suplierbil_suplierbillscript" time="41.472" errors="0" timestamp="2021-04-04T08:32:13 IST" skipped="0">
  <testcase classname="tests.supplierbill.Suplierbil_suplierbillscript" name="suplierbillscriptGoToUrlAssertUrlPositiveEnternLOGINPositiveEnternPASSClickLoginGoToUrlAsse1" time="41.472"/>
  <system-out/>
</testsuite> <!-- tests.supplierbill.Suplierbil_suplierbillscript -->
