<?xml version="1.0" encoding="UTF-8"?>
<!-- Generated by org.testng.reporters.JUnitReportReporter -->
<testsuite hostname="OB-Nidhi" failures="0" tests="1" name="VAT3_UnReconciled_S2_NOVAT.Un_addvatrate_Addvat_S2NOVAT" time="38.696" errors="0" timestamp="2021-07-28T20:37:48 IST" skipped="0">
  <testcase classname="VAT3_UnReconciled_S2_NOVAT.Un_addvatrate_Addvat_S2NOVAT" name="GoToUrlAssertUrlPositiveSelectVATStatus1PositiveEnterEffectiveDatePositiveSelectFlatrateBusines" time="38.696"/>
  <system-out/>
</testsuite> <!-- VAT3_UnReconciled_S2_NOVAT.Un_addvatrate_Addvat_S2NOVAT -->
