<?xml version="1.0" encoding="UTF-8"?>
<!-- Generated by org.testng.reporters.JUnitReportReporter -->
<testsuite hostname="OB-Nidhi" failures="0" tests="1" name="VAT3.FullREC_S2_FLAT.Supplier_PostVATReturn2stVATReturnReport_DefaultProfileFullyReconcile_1" time="74.454" errors="0" timestamp="2021-06-29T18:22:52 IST" skipped="0">
  <testcase classname="VAT3.FullREC_S2_FLAT.Supplier_PostVATReturn2stVATReturnReport_DefaultProfileFullyReconcile_1" name="GoToUrlAssertUrlPositiveEnterUserNamePositiveEnterPasswordClickLoginButtonGoToUrlAssertUrlCl" time="74.454"/>
  <system-out/>
</testsuite> <!-- VAT3.FullREC_S2_FLAT.Supplier_PostVATReturn2stVATReturnReport_DefaultProfileFullyReconcile_1 -->
