<?xml version="1.0" encoding="UTF-8"?>
<!-- Generated by org.testng.reporters.JUnitReportReporter -->
<testsuite hostname="OB-Nidhi" failures="0" tests="1" name="tests.SupFlatToStandardReconcilation.ScriptVATReturn2stVATReturnReport_Suplier_FtoS" time="50.661" errors="0" timestamp="2021-04-29T14:05:31 IST" skipped="0">
  <testcase classname="tests.SupFlatToStandardReconcilation.ScriptVATReturn2stVATReturnReport_Suplier_FtoS" name="GoToUrlAssertUrlPositiveEnterUserNamePositiveEnterPasswordClickLoginButtonGoToUrlAssertUrlCl" time="50.661"/>
  <system-out/>
</testsuite> <!-- tests.SupFlatToStandardReconcilation.ScriptVATReturn2stVATReturnReport_Suplier_FtoS -->
