<?xml version="1.0" encoding="UTF-8"?>
<!-- Generated by org.testng.reporters.JUnitReportReporter -->
<testsuite hostname="OB-Nidhi" failures="0" tests="18" name="tests.Bank_Upload_CSV.uploadcsv" time="901.335" errors="0" timestamp="2021-10-18T10:15:01 IST" skipped="0">
  <testcase classname="tests.Bank_Upload_CSV.uploadcsv" name="GoToUrlClickbankmenu1ClickUploadCSV2PositiveSelectSelectBank4EnterChooseUploadCSV4ClickUpload52" time="50.890"/>
  <system-out/>
  <testcase classname="tests.Bank_Upload_CSV.uploadcsv" name="GoToUrlClickbankmenu1ClickUploadCSV2PositiveSelectSelectBank4EnterChooseUploadCSV4ClickUploadb4" time="47.852"/>
  <system-out/>
  <testcase classname="tests.Bank_Upload_CSV.uploadcsv" name="GoToUrlClickbankmenu1ClickUploadCSV2PositiveSelectSelectBank4EnterChooseUploadCSV4ClickUpload49" time="51.228"/>
  <system-out/>
  <testcase classname="tests.Bank_Upload_CSV.uploadcsv" name="GoToUrlClickbankmenu1ClickUploadCSV2PositiveSelectSelectBank4EnterChooseUploadCSV4ClickUpload46" time="53.676"/>
  <system-out/>
  <testcase classname="tests.Bank_Upload_CSV.uploadcsv" name="GoToUrlClickbankmenu1ClickUploadCSV2PositiveSelectSelectBank4EnterChooseUploadCSV4ClickUploadb1" time="46.977"/>
  <system-out/>
  <testcase classname="tests.Bank_Upload_CSV.uploadcsv" name="GoToUrlClickbankmenu1ClickUploadCSV2PositiveSelectSelectBank4EnterChooseUploadCSV4ClickUpload50" time="48.516"/>
  <system-out/>
  <testcase classname="tests.Bank_Upload_CSV.uploadcsv" name="GoToUrlClickbankmenu1ClickUploadCSV2PositiveSelectSelectBank4EnterChooseUploadCSV4ClickUpload" time="51.451"/>
  <system-out/>
  <testcase classname="tests.Bank_Upload_CSV.uploadcsv" name="GoToUrlClickbankmenu1ClickUploadCSV2PositiveSelectSelectBank4EnterChooseUploadCSV4ClickUpload47" time="49.409"/>
  <system-out/>
  <testcase classname="tests.Bank_Upload_CSV.uploadcsv" name="GoToUrlClickbankmenu1ClickUploadCSV2PositiveSelectSelectBank4EnterChooseUploadCSV4ClickUpload48" time="52.101"/>
  <system-out/>
  <testcase classname="tests.Bank_Upload_CSV.uploadcsv" name="GoToUrlClickbankmenu1ClickUploadCSV2PositiveSelectSelectBank4EnterChooseUploadCSV4ClickUploadb7" time="54.238"/>
  <system-out/>
  <testcase classname="tests.Bank_Upload_CSV.uploadcsv" name="GoToUrlClickbankmenu1ClickUploadCSV2PositiveSelectSelectBank4EnterChooseUploadCSV4ClickUploadb" time="51.589"/>
  <system-out/>
  <testcase classname="tests.Bank_Upload_CSV.uploadcsv" name="GoToUrlClickbankmenu1ClickUploadCSV2PositiveSelectSelectBank4EnterChooseUploadCSV4ClickUploadb2" time="47.077"/>
  <system-out/>
  <testcase classname="tests.Bank_Upload_CSV.uploadcsv" name="GoToUrlClickbankmenu1ClickUploadCSV2PositiveSelectSelectBank4EnterChooseUploadCSV4ClickUploadb8" time="47.952"/>
  <system-out/>
  <testcase classname="tests.Bank_Upload_CSV.uploadcsv" name="GoToUrlClickbankmenu1ClickUploadCSV2PositiveSelectSelectBank4EnterChooseUploadCSV4ClickUpload51" time="52.673"/>
  <system-out/>
  <testcase classname="tests.Bank_Upload_CSV.uploadcsv" name="GoToUrlClickbankmenu1ClickUploadCSV2PositiveSelectSelectBank4EnterChooseUploadCSV4ClickUpload53" time="50.610"/>
  <system-out/>
  <testcase classname="tests.Bank_Upload_CSV.uploadcsv" name="GoToUrlClickbankmenu1ClickUploadCSV2PositiveSelectSelectBank4EnterChooseUploadCSV4ClickUploadb3" time="48.745"/>
  <system-out/>
  <testcase classname="tests.Bank_Upload_CSV.uploadcsv" name="GoToUrlClickbankmenu1ClickUploadCSV2PositiveSelectSelectBank4EnterChooseUploadCSV4ClickUploadb5" time="48.022"/>
  <system-out/>
  <testcase classname="tests.Bank_Upload_CSV.uploadcsv" name="GoToUrlClickbankmenu1ClickUploadCSV2PositiveSelectSelectBank4EnterChooseUploadCSV4ClickUploadb6" time="48.329"/>
  <system-out/>
</testsuite> <!-- tests.Bank_Upload_CSV.uploadcsv -->
