<?xml version="1.0" encoding="UTF-8"?>
<!-- Generated by org.testng.reporters.JUnitReportReporter -->
<testsuite hostname="OB-Nidhi" failures="0" tests="1" name="tests.Ticket311.sm311_Nominalcode_LLP" time="51.476" errors="0" timestamp="2021-11-03T14:48:34 IST" skipped="0">
  <testcase classname="tests.Ticket311.sm311_Nominalcode_LLP" name="GoToUrlAssertUrlClickAdvisorToolsToplftClickNominalCodlinkPositiveEnterSearchCodeinputPositive" time="51.476"/>
  <system-out/>
</testsuite> <!-- tests.Ticket311.sm311_Nominalcode_LLP -->
