<?xml version="1.0" encoding="UTF-8"?>
<!-- Generated by org.testng.reporters.JUnitReportReporter -->
<testsuite hostname="OB-Nidhi" failures="0" tests="1" name="tests.ScriptVATReturn2stVATReturnReport_SToFlat_DefaultProfile" time="47.821" errors="0" timestamp="2021-04-14T19:18:05 IST" skipped="0">
  <testcase classname="tests.ScriptVATReturn2stVATReturnReport_SToFlat_DefaultProfile" name="GoToUrlAssertUrlPositiveEnterUserNamePositiveEnterPasswordClickLoginButtonGoToUrlAssertUrlCl" time="47.821"/>
  <system-out/>
</testsuite> <!-- tests.ScriptVATReturn2stVATReturnReport_SToFlat_DefaultProfile -->
