<?xml version="1.0" encoding="UTF-8"?>
<!-- Generated by org.testng.reporters.JUnitReportReporter -->
<testsuite hostname="OB-Nidhi" failures="0" tests="2" name="VAT3_UnReconciled_STOF.UN_ReconcileForVATOnly_2" time="85.905" errors="0" timestamp="2021-07-28T20:37:48 IST" skipped="0">
  <testcase classname="VAT3_UnReconciled_STOF.UN_ReconcileForVATOnly_2" name="GoToUrlAssertUrlPositiveEnternLOGINPositiveEnternPASSClickLoginGoToUrlAssertUrlClickAgentsP3" time="40.783"/>
  <system-out/>
  <testcase classname="VAT3_UnReconciled_STOF.UN_ReconcileForVATOnly_2" name="GoToUrlAssertUrlPositiveEnternLOGINPositiveEnternPASSClickLoginGoToUrlAssertUrlClickAgentsP1" time="45.122"/>
  <system-out/>
</testsuite> <!-- VAT3_UnReconciled_STOF.UN_ReconcileForVATOnly_2 -->
