<?xml version="1.0" encoding="UTF-8"?>
<!-- Generated by org.testng.reporters.JUnitReportReporter -->
<testsuite hostname="OB-Nidhi" failures="0" tests="1" name="tests.banking_add_ltd_company.LtdAdd_AddLTD" time="31.390" errors="0" timestamp="2021-11-02T16:57:54 IST" skipped="0">
  <testcase classname="tests.banking_add_ltd_company.LtdAdd_AddLTD" name="TC_CASE3" time="31.390"/>
  <system-out/>
</testsuite> <!-- tests.banking_add_ltd_company.LtdAdd_AddLTD -->
