<?xml version="1.0" encoding="UTF-8"?>
<!-- Generated by org.testng.reporters.JUnitReportReporter -->
<testsuite hostname="OB-Nidhi" failures="1" tests="1" name="tests.Ticket311.nominalcode_Soletrander" time="44.768" errors="0" timestamp="2021-08-20T22:22:54 IST" skipped="0">
  <testcase classname="tests.Ticket311.nominalcode_Soletrander" name="GoToUrlAssertUrlClickAdvisorToolsToplftClickNominalCodlinkPositiveEnterSearchCodeinputPositive" time="44.768">
    <failure message="The following asserts failed:
	Text not match=ntangible Assets Disposals expected [1] but found [0],
	Text not match=Group Company Shares B/Fwd expected [1] but found [0],
	Text not match=Group Company Shares Additions expected [1] but found [0],
	Text not match=Group Company Shares Disposals expected [1] but found [0],
	Text not match=Group Company Shares Amortisation B/Fwd expected [1] but found [0],
	Text not match=Group Company Shares Amortisation Disposal expected [1] but found [0],
	Text not match=Group Company Shares Written Back expected [1] but found [0],
	Text not match=Group Company Shares Written-Off expected [1] but found [0],
	Text not match=Loan Value B/Fwd expected [1] but found [0],
	Text not match=Loan Additions expected [1] but found [0],
	Text not match=Loan Disposals expected [1] but found [0],
	Text not match=Loan Amortisation B/Fwd expected [1] but found [0],
	Text not match=Loan Amortisation Disposals expected [1] but found [0],
	Text not match=Loans Written-Back expected [1] but found [0],
	Text not match=Loans Amortisation expected [1] but found [0],
	Text not match=Corporation Tax Payable expected [1] but found [0],
	Text not match=Default Director expected [1] but found [0],
	Text not match=Directors Loan Greater Than 1 Year expected [1] but found [0],
	Text not match=Pensions expected [1] but found [0],
	Text not match=Warranties expected [1] but found [0],
	Text not match=Deferred Tax expected [1] but found [0],
	Text not match=Environmental Costs expected [1] but found [0],
	Text not match=Other Provisions expected [1] but found [0],
	Text not match=Provision for Depreciation expected [1] but found [0],
	Text not match=Called up Share Capital expected [1] but found [0],
	Text not match=Capital Distribution expected [1] but found [0],
	Text not match=Other Reserves expected [1] but found [0],
	Text not match=Reserves B/Fwd expected [1] but found [0],
	Text not match=Profit and Loss B/Fwd expected [1] but found [0],
	Text not match=Income b/f expected [1] but found [0],
	Text not match=Sales - VAT Consultancy Work expected [1] but found [0],
	Text not match=Sales - Personal/Individual Tax expected [1] but found [0],
	Text not match=Sales - Bookkeeping Services expected [1] but found [0],
	Text not match=Sales - Payroll Services expected [1] but found [0],
	Text not match=Sales - Management Accounts expected [1] but found [0],
	Text not match=Sales - Company Registrations expected [1] but found [0],
	Text not match=Sales expected [1] but found [0],
	Text not match=Flat Rate Savings expected [1] but found [0],
	Text not match=Directors&#039; Remuneration expected [1] but found [0],
	Text not match=Directors&#039; National Insurance expected [1] but found [0],
	Text not match=Partners&#039; Remuneration expected [1] but found [0],
	Text not match=Employers National Insurance Allowance expected [1] but found [0],
	Text not match=Director Pension Contributions expected [1] but found [0],
	Text not match=Expense b/f expected [1] but found [0],
	Text not match=Corporation Tax expected [1] but found [0],
	Text not match=Corporation Tax Credit expected [1] but found [0],
	Text not match=Deferred Corporation Tax expected [1] but found [0],
	Text not match=Tax Adjustment - Prior Year expected [1] but found [0],
	Text not match=Deferred Tax Adjustment - Prior Year expected [1] but found [0],
	Text not match=Tax on Income of Associates Undertaking expected [1] but found [0],
	Text not match=Deferred Tax expected [1] but found [0],
	Text not match=Unrelieved Taxation Losses expected [1] but found [0],
	Text not match=Other Timing Differences expected [1] but found [0],
	Text not match=Extraordinary Income expected [1] but found [0],
	Text not match=Extraordinary Charges expected [1] but found [0],
	Text not match=Extraordinary Tax expected [1] but found [0],
	Text not match=Dividends expected [1] but found [0],
	Text not match=Transfer from Revaluation Reserve expected [1] but found [0],
	Text not match=Provision for Redemption of Share Capital expected [1] but found [0],
	Text not match=Provision for Redemption of Loan expected [1] but found [0],
	Text not match=Scrip Issue expected [1] but found [0],
	Text not match=Goodwill Written-Off on Acquisition expected [1] but found [0],
	Text not match=data5 expected [1] but found [0],
	Text not match=ntangible Assets Disposals expected [1] but found [0],
	Text not match=Group Company Shares B/Fwd expected [1] but found [0],
	Text not match=Group Company Shares Additions expected [1] but found [0],
	Text not match=Group Company Shares Disposals expected [1] but found [0],
	Text not match=Group Company Shares Amortisation B/Fwd expected [1] but found [0],
	Text not match=Group Company Shares Amortisation Disposal expected [1] but found [0],
	Text not match=Group Company Shares Written Back expected [1] but found [0],
	Text not match=Group Company Shares Written-Off expected [1] but found [0],
	Text not match=Loan Value B/Fwd expected [1] but found [0],
	Text not match=Loan Additions expected [1] but found [0],
	Text not match=Loan Disposals expected [1] but found [0],
	Text not match=Loan Amortisation B/Fwd expected [1] but found [0],
	Text not match=Loan Amortisation Disposals expected [1] but found [0],
	Text not match=Loans Written-Back expected [1] but found [0],
	Text not match=Loans Amortisation expected [1] but found [0],
	Text not match=Corporation Tax Payable expected [1] but found [0],
	Text not match=Default Director expected [1] but found [0],
	Text not match=Directors Loan Greater Than 1 Year expected [1] but found [0],
	Text not match=Pensions expected [1] but found [0],
	Text not match=Warranties expected [1] but found [0],
	Text not match=Deferred Tax expected [1] but found [0],
	Text not match=Environmental Costs expected [1] but found [0],
	Text not match=Other Provisions expected [1] but found [0],
	Text not match=Provision for Depreciation expected [1] but found [0],
	Text not match=Called up Share Capital expected [1] but found [0],
	Text not match=Capital Distribution expected [1] but found [0],
	Text not match=Other Reserves expected [1] but found [0],
	Text not match=Reserves B/Fwd expected [1] but found [0],
	Text not match=Profit and Loss B/Fwd expected [1] but found [0],
	Text not match=Income b/f expected [1] but found [0],
	Text not match=Sales - VAT Consultancy Work expected [1] but found [0],
	Text not match=Sales - Personal/Individual Tax expected [1] but found [0],
	Text not match=Sales - Bookkeeping Services expected [1] but found [0],
	Text not match=Sales - Payroll Services expected [1] but found [0],
	Text not match=Sales - Management Accounts expected [1] but found [0],
	Text not match=Sales - Company Registrations expected [1] but found [0],
	Text not match=Sales expected [1] but found [0],
	Text not match=Flat Rate Savings expected [1] but found [0],
	Text not match=Directors&#039; Remuneration expected [1] but found [0],
	Text not match=Directors&#039; National Insurance expected [1] but found [0],
	Text not match=Partners&#039; Remuneration expected [1] but found [0],
	Text not match=Employers National Insurance Allowance expected [1] but found [0],
	Text not match=Director Pension Contributions expected [1] but found [0],
	Text not match=Expense b/f expected [1] but found [0],
	Text not match=Corporation Tax expected [1] but found [0],
	Text not match=Corporation Tax Credit expected [1] but found [0],
	Text not match=Deferred Corporation Tax expected [1] but found [0],
	Text not match=Tax Adjustment - Prior Year expected [1] but found [0],
	Text not match=Deferred Tax Adjustment - Prior Year expected [1] but found [0],
	Text not match=Tax on Income of Associates Undertaking expected [1] but found [0],
	Text not match=Deferred Tax expected [1] but found [0],
	Text not match=Unrelieved Taxation Losses expected [1] but found [0],
	Text not match=Other Timing Differences expected [1] but found [0],
	Text not match=Extraordinary Income expected [1] but found [0],
	Text not match=Extraordinary Charges expected [1] but found [0],
	Text not match=Extraordinary Tax expected [1] but found [0],
	Text not match=Dividends expected [1] but found [0],
	Text not match=Transfer from Revaluation Reserve expected [1] but found [0],
	Text not match=Provision for Redemption of Share Capital expected [1] but found [0],
	Text not match=Provision for Redemption of Loan expected [1] but found [0],
	Text not match=Scrip Issue expected [1] but found [0],
	Text not match=Goodwill Written-Off on Acquisition expected [1] but found [0],
	Text not match=data5 expected [1] but found [0],
	Text not match=ntangible Assets Disposals expected [1] but found [0],
	Text not match=Group Company Shares B/Fwd expected [1] but found [0],
	Text not match=Group Company Shares Additions expected [1] but found [0],
	Text not match=Group Company Shares Disposals expected [1] but found [0],
	Text not match=Group Company Shares Amortisation B/Fwd expected [1] but found [0],
	Text not match=Group Company Shares Amortisation Disposal expected [1] but found [0],
	Text not match=Group Company Shares Written Back expected [1] but found [0],
	Text not match=Group Company Shares Written-Off expected [1] but found [0],
	Text not match=Loan Value B/Fwd expected [1] but found [0],
	Text not match=Loan Additions expected [1] but found [0],
	Text not match=Loan Disposals expected [1] but found [0],
	Text not match=Loan Amortisation B/Fwd expected [1] but found [0],
	Text not match=Loan Amortisation Disposals expected [1] but found [0],
	Text not match=Loans Written-Back expected [1] but found [0],
	Text not match=Loans Amortisation expected [1] but found [0],
	Text not match=Corporation Tax Payable expected [1] but found [0],
	Text not match=Default Director expected [1] but found [0],
	Text not match=Directors Loan Greater Than 1 Year expected [1] but found [0],
	Text not match=Pensions expected [1] but found [0],
	Text not match=Warranties expected [1] but found [0],
	Text not match=Deferred Tax expected [1] but found [0],
	Text not match=Environmental Costs expected [1] but found [0],
	Text not match=Other Provisions expected [1] but found [0],
	Text not match=Provision for Depreciation expected [1] but found [0],
	Text not match=Called up Share Capital expected [1] but found [0],
	Text not match=Capital Distribution expected [1] but found [0],
	Text not match=Other Reserves expected [1] but found [0],
	Text not match=Reserves B/Fwd expected [1] but found [0],
	Text not match=Profit and Loss B/Fwd expected [1] but found [0],
	Text not match=Income b/f expected [1] but found [0],
	Text not match=Sales - VAT Consultancy Work expected [1] but found [0],
	Text not match=Sales - Personal/Individual Tax expected [1] but found [0],
	Text not match=Sales - Bookkeeping Services expected [1] but found [0],
	Text not match=Sales - Payroll Services expected [1] but found [0],
	Text not match=Sales - Management Accounts expected [1] but found [0],
	Text not match=Sales - Company Registrations expected [1] but found [0],
	Text not match=Sales expected [1] but found [0],
	Text not match=Flat Rate Savings expected [1] but found [0],
	Text not match=Directors&#039; Remuneration expected [1] but found [0],
	Text not match=Directors&#039; National Insurance expected [1] but found [0],
	Text not match=Partners&#039; Remuneration expected [1] but found [0],
	Text not match=Employers National Insurance Allowance expected [1] but found [0],
	Text not match=Director Pension Contributions expected [1] but found [0],
	Text not match=Expense b/f expected [1] but found [0],
	Text not match=Corporation Tax expected [1] but found [0],
	Text not match=Corporation Tax Credit expected [1] but found [0],
	Text not match=Deferred Corporation Tax expected [1] but found [0],
	Text not match=Tax Adjustment - Prior Year expected [1] but found [0],
	Text not match=Deferred Tax Adjustment - Prior Year expected [1] but found [0],
	Text not match=Tax on Income of Associates Undertaking expected [1] but found [0],
	Text not match=Deferred Tax expected [1] but found [0],
	Text not match=Unrelieved Taxation Losses expected [1] but found [0],
	Text not match=Other Timing Differences expected [1] but found [0],
	Text not match=Extraordinary Income expected [1] but found [0],
	Text not match=Extraordinary Charges expected [1] but found [0],
	Text not match=Extraordinary Tax expected [1] but found [0],
	Text not match=Dividends expected [1] but found [0],
	Text not match=Transfer from Revaluation Reserve expected [1] but found [0],
	Text not match=Provision for Redemption of Share Capital expected [1] but found [0],
	Text not match=Provision for Redemption of Loan expected [1] but found [0],
	Text not match=Scrip Issue expected [1] but found [0],
	Text not match=Goodwill Written-Off on Acquisition expected [1] but found [0],
	Text not match=data5 expected [1] but found [0],
	Text not match=ntangible Assets Disposals expected [1] but found [0],
	Text not match=Group Company Shares B/Fwd expected [1] but found [0],
	Text not match=Group Company Shares Additions expected [1] but found [0],
	Text not match=Group Company Shares Disposals expected [1] but found [0],
	Text not match=Group Company Shares Amortisation B/Fwd expected [1] but found [0],
	Text not match=Group Company Shares Amortisation Disposal expected [1] but found [0],
	Text not match=Group Company Shares Written Back expected [1] but found [0],
	Text not match=Group Company Shares Written-Off expected [1] but found [0],
	Text not match=Loan Value B/Fwd expected [1] but found [0],
	Text not match=Loan Additions expected [1] but found [0],
	Text not match=Loan Disposals expected [1] but found [0],
	Text not match=Loan Amortisation B/Fwd expected [1] but found [0],
	Text not match=Loan Amortisation Disposals expected [1] but found [0],
	Text not match=Loans Written-Back expected [1] but found [0],
	Text not match=Loans Amortisation expected [1] but found [0],
	Text not match=Corporation Tax Payable expected [1] but found [0],
	Text not match=Default Director expected [1] but found [0],
	Text not match=Directors Loan Greater Than 1 Year expected [1] but found [0],
	Text not match=Pensions expected [1] but found [0],
	Text not match=Warranties expected [1] but found [0],
	Text not match=Deferred Tax expected [1] but found [0],
	Text not match=Environmental Costs expected [1] but found [0],
	Text not match=Other Provisions expected [1] but found [0],
	Text not match=Provision for Depreciation expected [1] but found [0],
	Text not match=Called up Share Capital expected [1] but found [0],
	Text not match=Capital Distribution expected [1] but found [0],
	Text not match=Other Reserves expected [1] but found [0],
	Text not match=Reserves B/Fwd expected [1] but found [0],
	Text not match=Profit and Loss B/Fwd expected [1] but found [0],
	Text not match=Income b/f expected [1] but found [0],
	Text not match=Sales - VAT Consultancy Work expected [1] but found [0],
	Text not match=Sales - Personal/Individual Tax expected [1] but found [0],
	Text not match=Sales - Bookkeeping Services expected [1] but found [0],
	Text not match=Sales - Payroll Services expected [1] but found [0],
	Text not match=Sales - Management Accounts expected [1] but found [0],
	Text not match=Sales - Company Registrations expected [1] but found [0],
	Text not match=Sales expected [1] but found [0],
	Text not match=Flat Rate Savings expected [1] but found [0],
	Text not match=Directors&#039; Remuneration expected [1] but found [0],
	Text not match=Directors&#039; National Insurance expected [1] but found [0],
	Text not match=Partners&#039; Remuneration expected [1] but found [0],
	Text not match=Employers National Insurance Allowance expected [1] but found [0],
	Text not match=Director Pension Contributions expected [1] but found [0],
	Text not match=Expense b/f expected [1] but found [0],
	Text not match=Corporation Tax expected [1] but found [0],
	Text not match=Corporation Tax Credit expected [1] but found [0],
	Text not match=Deferred Corporation Tax expected [1] but found [0],
	Text not match=Tax Adjustment - Prior Year expected [1] but found [0],
	Text not match=Deferred Tax Adjustment - Prior Year expected [1] but found [0],
	Text not match=Tax on Income of Associates Undertaking expected [1] but found [0],
	Text not match=Deferred Tax expected [1] but found [0],
	Text not match=Unrelieved Taxation Losses expected [1] but found [0],
	Text not match=Other Timing Differences expected [1] but found [0],
	Text not match=Extraordinary Income expected [1] but found [0],
	Text not match=Extraordinary Charges expected [1] but found [0],
	Text not match=Extraordinary Tax expected [1] but found [0],
	Text not match=Dividends expected [1] but found [0],
	Text not match=Transfer from Revaluation Reserve expected [1] but found [0],
	Text not match=Provision for Redemption of Share Capital expected [1] but found [0],
	Text not match=Provision for Redemption of Loan expected [1] but found [0],
	Text not match=Scrip Issue expected [1] but found [0],
	Text not match=Goodwill Written-Off on Acquisition expected [1] but found [0],
	Text not match=data5 expected [1] but found [0],
	Text not match=ntangible Assets Disposals expected [1] but found [0],
	Text not match=Group Company Shares B/Fwd expected [1] but found [0],
	Text not match=Group Company Shares Additions expected [1] but found [0],
	Text not match=Group Company Shares Disposals expected [1] but found [0],
	Text not match=Group Company Shares Amortisation B/Fwd expected [1] but found [0],
	Text not match=Group Company Shares Amortisation Disposal expected [1] but found [0],
	Text not match=Group Company Shares Written Back expected [1] but found [0],
	Text not match=Group Company Shares Written-Off expected [1] but found [0],
	Text not match=Loan Value B/Fwd expected [1] but found [0],
	Text not match=Loan Additions expected [1] but found [0],
	Text not match=Loan Disposals expected [1] but found [0],
	Text not match=Loan Amortisation B/Fwd expected [1] but found [0],
	Text not match=Loan Amortisation Disposals expected [1] but found [0],
	Text not match=Loans Written-Back expected [1] but found [0],
	Text not match=Loans Amortisation expected [1] but found [0],
	Text not match=Corporation Tax Payable expected [1] but found [0],
	Text not match=Default Director expected [1] but found [0],
	Text not match=Directors Loan Greater Than 1 Year expected [1] but found [0],
	Text not match=Pensions expected [1] but found [0],
	Text not match=Warranties expected [1] but found [0],
	Text not match=Deferred Tax expected [1] but found [0],
	Text not match=Environmental Costs expected [1] but found [0],
	Text not match=Other Provisions expected [1] but found [0],
	Text not match=Provision for Depreciation expected [1] but found [0],
	Text not match=Called up Share Capital expected [1] but found [0],
	Text not match=Capital Distribution expected [1] but found [0],
	Text not match=Other Reserves expected [1] but found [0],
	Text not match=Reserves B/Fwd expected [1] but found [0],
	Text not match=Profit and Loss B/Fwd expected [1] but found [0],
	Text not match=Income b/f expected [1] but found [0],
	Text not match=Sales - VAT Consultancy Work expected [1] but found [0],
	Text not match=Sales - Personal/Individual Tax expected [1] but found [0],
	Text not match=Sales - Bookkeeping Services expected [1] but found [0],
	Text not match=Sales - Payroll Services expected [1] but found [0],
	Text not match=Sales - Management Accounts expected [1] but found [0],
	Text not match=Sales - Company Registrations expected [1] but found [0],
	Text not match=Sales expected [1] but found [0],
	Text not match=Flat Rate Savings expected [1] but found [0],
	Text not match=Directors&#039; Remuneration expected [1] but found [0],
	Text not match=Directors&#039; National Insurance expected [1] but found [0],
	Text not match=Partners&#039; Remuneration expected [1] but found [0],
	Text not match=Employers National Insurance Allowance expected [1] but found [0],
	Text not match=Director Pension Contributions expected [1] but found [0],
	Text not match=Expense b/f expected [1] but found [0],
	Text not match=Corporation Tax expected [1] but found [0],
	Text not match=Corporation Tax Credit expected [1] but found [0],
	Text not match=Deferred Corporation Tax expected [1] but found [0],
	Text not match=Tax Adjustment - Prior Year expected [1] but found [0],
	Text not match=Deferred Tax Adjustment - Prior Year expected [1] but found [0],
	Text not match=Tax on Income of Associates Undertaking expected [1] but found [0],
	Text not match=Deferred Tax expected [1] but found [0],
	Text not match=Unrelieved Taxation Losses expected [1] but found [0],
	Text not match=Other Timing Differences expected [1] but found [0],
	Text not match=Extraordinary Income expected [1] but found [0],
	Text not match=Extraordinary Charges expected [1] but found [0],
	Text not match=Extraordinary Tax expected [1] but found [0],
	Text not match=Dividends expected [1] but found [0],
	Text not match=Transfer from Revaluation Reserve expected [1] but found [0],
	Text not match=Provision for Redemption of Share Capital expected [1] but found [0],
	Text not match=Provision for Redemption of Loan expected [1] but found [0],
	Text not match=Scrip Issue expected [1] but found [0],
	Text not match=Goodwill Written-Off on Acquisition expected [1] but found [0]" type="java.lang.AssertionError">
      <![CDATA[java.lang.AssertionError: The following asserts failed:
Text not match=ntangible Assets Disposals expected [1] but found [0],
Text not match=Group Company Shares B/Fwd expected [1] but found [0],
Text not match=Group Company Shares Additions expected [1] but found [0],
Text not match=Group Company Shares Disposals expected [1] but found [0],
Text not match=Group Company Shares Amortisation B/Fwd expected [1] but found [0],
Text not match=Group Company Shares Amortisation Disposal expected [1] but found [0],
Text not match=Group Company Shares Written Back expected [1] but found [0],
Text not match=Group Company Shares Written-Off expected [1] but found [0],
Text not match=Loan Value B/Fwd expected [1] but found [0],
Text not match=Loan Additions expected [1] but found [0],
Text not match=Loan Disposals expected [1] but found [0],
Text not match=Loan Amortisation B/Fwd expected [1] but found [0],
Text not match=Loan Amortisation Disposals expected [1] but found [0],
Text not match=Loans Written-Back expected [1] but found [0],
Text not match=Loans Amortisation expected [1] but found [0],
Text not match=Corporation Tax Payable expected [1] but found [0],
Text not match=Default Director expected [1] but found [0],
Text not match=Directors Loan Greater Than 1 Year expected [1] but found [0],
Text not match=Pensions expected [1] but found [0],
Text not match=Warranties expected [1] but found [0],
Text not match=Deferred Tax expected [1] but found [0],
Text not match=Environmental Costs expected [1] but found [0],
Text not match=Other Provisions expected [1] but found [0],
Text not match=Provision for Depreciation expected [1] but found [0],
Text not match=Called up Share Capital expected [1] but found [0],
Text not match=Capital Distribution expected [1] but found [0],
Text not match=Other Reserves expected [1] but found [0],
Text not match=Reserves B/Fwd expected [1] but found [0],
Text not match=Profit and Loss B/Fwd expected [1] but found [0],
Text not match=Income b/f expected [1] but found [0],
Text not match=Sales - VAT Consultancy Work expected [1] but found [0],
Text not match=Sales - Personal/Individual Tax expected [1] but found [0],
Text not match=Sales - Bookkeeping Services expected [1] but found [0],
Text not match=Sales - Payroll Services expected [1] but found [0],
Text not match=Sales - Management Accounts expected [1] but found [0],
Text not match=Sales - Company Registrations expected [1] but found [0],
Text not match=Sales expected [1] but found [0],
Text not match=Flat Rate Savings expected [1] but found [0],
Text not match=Directors' Remuneration expected [1] but found [0],
Text not match=Directors' National Insurance expected [1] but found [0],
Text not match=Partners' Remuneration expected [1] but found [0],
Text not match=Employers National Insurance Allowance expected [1] but found [0],
Text not match=Director Pension Contributions expected [1] but found [0],
Text not match=Expense b/f expected [1] but found [0],
Text not match=Corporation Tax expected [1] but found [0],
Text not match=Corporation Tax Credit expected [1] but found [0],
Text not match=Deferred Corporation Tax expected [1] but found [0],
Text not match=Tax Adjustment - Prior Year expected [1] but found [0],
Text not match=Deferred Tax Adjustment - Prior Year expected [1] but found [0],
Text not match=Tax on Income of Associates Undertaking expected [1] but found [0],
Text not match=Deferred Tax expected [1] but found [0],
Text not match=Unrelieved Taxation Losses expected [1] but found [0],
Text not match=Other Timing Differences expected [1] but found [0],
Text not match=Extraordinary Income expected [1] but found [0],
Text not match=Extraordinary Charges expected [1] but found [0],
Text not match=Extraordinary Tax expected [1] but found [0],
Text not match=Dividends expected [1] but found [0],
Text not match=Transfer from Revaluation Reserve expected [1] but found [0],
Text not match=Provision for Redemption of Share Capital expected [1] but found [0],
Text not match=Provision for Redemption of Loan expected [1] but found [0],
Text not match=Scrip Issue expected [1] but found [0],
Text not match=Goodwill Written-Off on Acquisition expected [1] but found [0],
Text not match=data5 expected [1] but found [0],
Text not match=ntangible Assets Disposals expected [1] but found [0],
Text not match=Group Company Shares B/Fwd expected [1] but found [0],
Text not match=Group Company Shares Additions expected [1] but found [0],
Text not match=Group Company Shares Disposals expected [1] but found [0],
Text not match=Group Company Shares Amortisation B/Fwd expected [1] but found [0],
Text not match=Group Company Shares Amortisation Disposal expected [1] but found [0],
Text not match=Group Company Shares Written Back expected [1] but found [0],
Text not match=Group Company Shares Written-Off expected [1] but found [0],
Text not match=Loan Value B/Fwd expected [1] but found [0],
Text not match=Loan Additions expected [1] but found [0],
Text not match=Loan Disposals expected [1] but found [0],
Text not match=Loan Amortisation B/Fwd expected [1] but found [0],
Text not match=Loan Amortisation Disposals expected [1] but found [0],
Text not match=Loans Written-Back expected [1] but found [0],
Text not match=Loans Amortisation expected [1] but found [0],
Text not match=Corporation Tax Payable expected [1] but found [0],
Text not match=Default Director expected [1] but found [0],
Text not match=Directors Loan Greater Than 1 Year expected [1] but found [0],
Text not match=Pensions expected [1] but found [0],
Text not match=Warranties expected [1] but found [0],
Text not match=Deferred Tax expected [1] but found [0],
Text not match=Environmental Costs expected [1] but found [0],
Text not match=Other Provisions expected [1] but found [0],
Text not match=Provision for Depreciation expected [1] but found [0],
Text not match=Called up Share Capital expected [1] but found [0],
Text not match=Capital Distribution expected [1] but found [0],
Text not match=Other Reserves expected [1] but found [0],
Text not match=Reserves B/Fwd expected [1] but found [0],
Text not match=Profit and Loss B/Fwd expected [1] but found [0],
Text not match=Income b/f expected [1] but found [0],
Text not match=Sales - VAT Consultancy Work expected [1] but found [0],
Text not match=Sales - Personal/Individual Tax expected [1] but found [0],
Text not match=Sales - Bookkeeping Services expected [1] but found [0],
Text not match=Sales - Payroll Services expected [1] but found [0],
Text not match=Sales - Management Accounts expected [1] but found [0],
Text not match=Sales - Company Registrations expected [1] but found [0],
Text not match=Sales expected [1] but found [0],
Text not match=Flat Rate Savings expected [1] but found [0],
Text not match=Directors' Remuneration expected [1] but found [0],
Text not match=Directors' National Insurance expected [1] but found [0],
Text not match=Partners' Remuneration expected [1] but found [0],
Text not match=Employers National Insurance Allowance expected [1] but found [0],
Text not match=Director Pension Contributions expected [1] but found [0],
Text not match=Expense b/f expected [1] but found [0],
Text not match=Corporation Tax expected [1] but found [0],
Text not match=Corporation Tax Credit expected [1] but found [0],
Text not match=Deferred Corporation Tax expected [1] but found [0],
Text not match=Tax Adjustment - Prior Year expected [1] but found [0],
Text not match=Deferred Tax Adjustment - Prior Year expected [1] but found [0],
Text not match=Tax on Income of Associates Undertaking expected [1] but found [0],
Text not match=Deferred Tax expected [1] but found [0],
Text not match=Unrelieved Taxation Losses expected [1] but found [0],
Text not match=Other Timing Differences expected [1] but found [0],
Text not match=Extraordinary Income expected [1] but found [0],
Text not match=Extraordinary Charges expected [1] but found [0],
Text not match=Extraordinary Tax expected [1] but found [0],
Text not match=Dividends expected [1] but found [0],
Text not match=Transfer from Revaluation Reserve expected [1] but found [0],
Text not match=Provision for Redemption of Share Capital expected [1] but found [0],
Text not match=Provision for Redemption of Loan expected [1] but found [0],
Text not match=Scrip Issue expected [1] but found [0],
Text not match=Goodwill Written-Off on Acquisition expected [1] but found [0],
Text not match=data5 expected [1] but found [0],
Text not match=ntangible Assets Disposals expected [1] but found [0],
Text not match=Group Company Shares B/Fwd expected [1] but found [0],
Text not match=Group Company Shares Additions expected [1] but found [0],
Text not match=Group Company Shares Disposals expected [1] but found [0],
Text not match=Group Company Shares Amortisation B/Fwd expected [1] but found [0],
Text not match=Group Company Shares Amortisation Disposal expected [1] but found [0],
Text not match=Group Company Shares Written Back expected [1] but found [0],
Text not match=Group Company Shares Written-Off expected [1] but found [0],
Text not match=Loan Value B/Fwd expected [1] but found [0],
Text not match=Loan Additions expected [1] but found [0],
Text not match=Loan Disposals expected [1] but found [0],
Text not match=Loan Amortisation B/Fwd expected [1] but found [0],
Text not match=Loan Amortisation Disposals expected [1] but found [0],
Text not match=Loans Written-Back expected [1] but found [0],
Text not match=Loans Amortisation expected [1] but found [0],
Text not match=Corporation Tax Payable expected [1] but found [0],
Text not match=Default Director expected [1] but found [0],
Text not match=Directors Loan Greater Than 1 Year expected [1] but found [0],
Text not match=Pensions expected [1] but found [0],
Text not match=Warranties expected [1] but found [0],
Text not match=Deferred Tax expected [1] but found [0],
Text not match=Environmental Costs expected [1] but found [0],
Text not match=Other Provisions expected [1] but found [0],
Text not match=Provision for Depreciation expected [1] but found [0],
Text not match=Called up Share Capital expected [1] but found [0],
Text not match=Capital Distribution expected [1] but found [0],
Text not match=Other Reserves expected [1] but found [0],
Text not match=Reserves B/Fwd expected [1] but found [0],
Text not match=Profit and Loss B/Fwd expected [1] but found [0],
Text not match=Income b/f expected [1] but found [0],
Text not match=Sales - VAT Consultancy Work expected [1] but found [0],
Text not match=Sales - Personal/Individual Tax expected [1] but found [0],
Text not match=Sales - Bookkeeping Services expected [1] but found [0],
Text not match=Sales - Payroll Services expected [1] but found [0],
Text not match=Sales - Management Accounts expected [1] but found [0],
Text not match=Sales - Company Registrations expected [1] but found [0],
Text not match=Sales expected [1] but found [0],
Text not match=Flat Rate Savings expected [1] but found [0],
Text not match=Directors' Remuneration expected [1] but found [0],
Text not match=Directors' National Insurance expected [1] but found [0],
Text not match=Partners' Remuneration expected [1] but found [0],
Text not match=Employers National Insurance Allowance expected [1] but found [0],
Text not match=Director Pension Contributions expected [1] but found [0],
Text not match=Expense b/f expected [1] but found [0],
Text not match=Corporation Tax expected [1] but found [0],
Text not match=Corporation Tax Credit expected [1] but found [0],
Text not match=Deferred Corporation Tax expected [1] but found [0],
Text not match=Tax Adjustment - Prior Year expected [1] but found [0],
Text not match=Deferred Tax Adjustment - Prior Year expected [1] but found [0],
Text not match=Tax on Income of Associates Undertaking expected [1] but found [0],
Text not match=Deferred Tax expected [1] but found [0],
Text not match=Unrelieved Taxation Losses expected [1] but found [0],
Text not match=Other Timing Differences expected [1] but found [0],
Text not match=Extraordinary Income expected [1] but found [0],
Text not match=Extraordinary Charges expected [1] but found [0],
Text not match=Extraordinary Tax expected [1] but found [0],
Text not match=Dividends expected [1] but found [0],
Text not match=Transfer from Revaluation Reserve expected [1] but found [0],
Text not match=Provision for Redemption of Share Capital expected [1] but found [0],
Text not match=Provision for Redemption of Loan expected [1] but found [0],
Text not match=Scrip Issue expected [1] but found [0],
Text not match=Goodwill Written-Off on Acquisition expected [1] but found [0],
Text not match=data5 expected [1] but found [0],
Text not match=ntangible Assets Disposals expected [1] but found [0],
Text not match=Group Company Shares B/Fwd expected [1] but found [0],
Text not match=Group Company Shares Additions expected [1] but found [0],
Text not match=Group Company Shares Disposals expected [1] but found [0],
Text not match=Group Company Shares Amortisation B/Fwd expected [1] but found [0],
Text not match=Group Company Shares Amortisation Disposal expected [1] but found [0],
Text not match=Group Company Shares Written Back expected [1] but found [0],
Text not match=Group Company Shares Written-Off expected [1] but found [0],
Text not match=Loan Value B/Fwd expected [1] but found [0],
Text not match=Loan Additions expected [1] but found [0],
Text not match=Loan Disposals expected [1] but found [0],
Text not match=Loan Amortisation B/Fwd expected [1] but found [0],
Text not match=Loan Amortisation Disposals expected [1] but found [0],
Text not match=Loans Written-Back expected [1] but found [0],
Text not match=Loans Amortisation expected [1] but found [0],
Text not match=Corporation Tax Payable expected [1] but found [0],
Text not match=Default Director expected [1] but found [0],
Text not match=Directors Loan Greater Than 1 Year expected [1] but found [0],
Text not match=Pensions expected [1] but found [0],
Text not match=Warranties expected [1] but found [0],
Text not match=Deferred Tax expected [1] but found [0],
Text not match=Environmental Costs expected [1] but found [0],
Text not match=Other Provisions expected [1] but found [0],
Text not match=Provision for Depreciation expected [1] but found [0],
Text not match=Called up Share Capital expected [1] but found [0],
Text not match=Capital Distribution expected [1] but found [0],
Text not match=Other Reserves expected [1] but found [0],
Text not match=Reserves B/Fwd expected [1] but found [0],
Text not match=Profit and Loss B/Fwd expected [1] but found [0],
Text not match=Income b/f expected [1] but found [0],
Text not match=Sales - VAT Consultancy Work expected [1] but found [0],
Text not match=Sales - Personal/Individual Tax expected [1] but found [0],
Text not match=Sales - Bookkeeping Services expected [1] but found [0],
Text not match=Sales - Payroll Services expected [1] but found [0],
Text not match=Sales - Management Accounts expected [1] but found [0],
Text not match=Sales - Company Registrations expected [1] but found [0],
Text not match=Sales expected [1] but found [0],
Text not match=Flat Rate Savings expected [1] but found [0],
Text not match=Directors' Remuneration expected [1] but found [0],
Text not match=Directors' National Insurance expected [1] but found [0],
Text not match=Partners' Remuneration expected [1] but found [0],
Text not match=Employers National Insurance Allowance expected [1] but found [0],
Text not match=Director Pension Contributions expected [1] but found [0],
Text not match=Expense b/f expected [1] but found [0],
Text not match=Corporation Tax expected [1] but found [0],
Text not match=Corporation Tax Credit expected [1] but found [0],
Text not match=Deferred Corporation Tax expected [1] but found [0],
Text not match=Tax Adjustment - Prior Year expected [1] but found [0],
Text not match=Deferred Tax Adjustment - Prior Year expected [1] but found [0],
Text not match=Tax on Income of Associates Undertaking expected [1] but found [0],
Text not match=Deferred Tax expected [1] but found [0],
Text not match=Unrelieved Taxation Losses expected [1] but found [0],
Text not match=Other Timing Differences expected [1] but found [0],
Text not match=Extraordinary Income expected [1] but found [0],
Text not match=Extraordinary Charges expected [1] but found [0],
Text not match=Extraordinary Tax expected [1] but found [0],
Text not match=Dividends expected [1] but found [0],
Text not match=Transfer from Revaluation Reserve expected [1] but found [0],
Text not match=Provision for Redemption of Share Capital expected [1] but found [0],
Text not match=Provision for Redemption of Loan expected [1] but found [0],
Text not match=Scrip Issue expected [1] but found [0],
Text not match=Goodwill Written-Off on Acquisition expected [1] but found [0],
Text not match=data5 expected [1] but found [0],
Text not match=ntangible Assets Disposals expected [1] but found [0],
Text not match=Group Company Shares B/Fwd expected [1] but found [0],
Text not match=Group Company Shares Additions expected [1] but found [0],
Text not match=Group Company Shares Disposals expected [1] but found [0],
Text not match=Group Company Shares Amortisation B/Fwd expected [1] but found [0],
Text not match=Group Company Shares Amortisation Disposal expected [1] but found [0],
Text not match=Group Company Shares Written Back expected [1] but found [0],
Text not match=Group Company Shares Written-Off expected [1] but found [0],
Text not match=Loan Value B/Fwd expected [1] but found [0],
Text not match=Loan Additions expected [1] but found [0],
Text not match=Loan Disposals expected [1] but found [0],
Text not match=Loan Amortisation B/Fwd expected [1] but found [0],
Text not match=Loan Amortisation Disposals expected [1] but found [0],
Text not match=Loans Written-Back expected [1] but found [0],
Text not match=Loans Amortisation expected [1] but found [0],
Text not match=Corporation Tax Payable expected [1] but found [0],
Text not match=Default Director expected [1] but found [0],
Text not match=Directors Loan Greater Than 1 Year expected [1] but found [0],
Text not match=Pensions expected [1] but found [0],
Text not match=Warranties expected [1] but found [0],
Text not match=Deferred Tax expected [1] but found [0],
Text not match=Environmental Costs expected [1] but found [0],
Text not match=Other Provisions expected [1] but found [0],
Text not match=Provision for Depreciation expected [1] but found [0],
Text not match=Called up Share Capital expected [1] but found [0],
Text not match=Capital Distribution expected [1] but found [0],
Text not match=Other Reserves expected [1] but found [0],
Text not match=Reserves B/Fwd expected [1] but found [0],
Text not match=Profit and Loss B/Fwd expected [1] but found [0],
Text not match=Income b/f expected [1] but found [0],
Text not match=Sales - VAT Consultancy Work expected [1] but found [0],
Text not match=Sales - Personal/Individual Tax expected [1] but found [0],
Text not match=Sales - Bookkeeping Services expected [1] but found [0],
Text not match=Sales - Payroll Services expected [1] but found [0],
Text not match=Sales - Management Accounts expected [1] but found [0],
Text not match=Sales - Company Registrations expected [1] but found [0],
Text not match=Sales expected [1] but found [0],
Text not match=Flat Rate Savings expected [1] but found [0],
Text not match=Directors' Remuneration expected [1] but found [0],
Text not match=Directors' National Insurance expected [1] but found [0],
Text not match=Partners' Remuneration expected [1] but found [0],
Text not match=Employers National Insurance Allowance expected [1] but found [0],
Text not match=Director Pension Contributions expected [1] but found [0],
Text not match=Expense b/f expected [1] but found [0],
Text not match=Corporation Tax expected [1] but found [0],
Text not match=Corporation Tax Credit expected [1] but found [0],
Text not match=Deferred Corporation Tax expected [1] but found [0],
Text not match=Tax Adjustment - Prior Year expected [1] but found [0],
Text not match=Deferred Tax Adjustment - Prior Year expected [1] but found [0],
Text not match=Tax on Income of Associates Undertaking expected [1] but found [0],
Text not match=Deferred Tax expected [1] but found [0],
Text not match=Unrelieved Taxation Losses expected [1] but found [0],
Text not match=Other Timing Differences expected [1] but found [0],
Text not match=Extraordinary Income expected [1] but found [0],
Text not match=Extraordinary Charges expected [1] but found [0],
Text not match=Extraordinary Tax expected [1] but found [0],
Text not match=Dividends expected [1] but found [0],
Text not match=Transfer from Revaluation Reserve expected [1] but found [0],
Text not match=Provision for Redemption of Share Capital expected [1] but found [0],
Text not match=Provision for Redemption of Loan expected [1] but found [0],
Text not match=Scrip Issue expected [1] but found [0],
Text not match=Goodwill Written-Off on Acquisition expected [1] but found [0]
at org.testng.asserts.SoftAssert.assertAll(SoftAssert.java:47)
at org.testng.asserts.SoftAssert.assertAll(SoftAssert.java:31)
at pages.SM311.nominalcode_SolTrade.Click_Search(nominalcode_SolTrade.java:306)
at tests.Ticket311.nominalcode_Soletrander.GoToUrlAssertUrlClickAdvisorToolsToplftClickNominalCodlinkPositiveEnterSearchCodeinputPositive(nominalcode_Soletrander.java:139)
at java.base/jdk.internal.reflect.NativeMethodAccessorImpl.invoke0(Native Method)
at java.base/jdk.internal.reflect.NativeMethodAccessorImpl.invoke(NativeMethodAccessorImpl.java:64)
at java.base/jdk.internal.reflect.DelegatingMethodAccessorImpl.invoke(DelegatingMethodAccessorImpl.java:43)
at java.base/java.lang.reflect.Method.invoke(Method.java:564)
at org.testng.internal.MethodInvocationHelper.invokeMethod(MethodInvocationHelper.java:133)
at org.testng.internal.TestInvoker.invokeMethod(TestInvoker.java:598)
at org.testng.internal.TestInvoker.invokeTestMethod(TestInvoker.java:173)
at org.testng.internal.MethodRunner.runInSequence(MethodRunner.java:46)
at org.testng.internal.TestInvoker$MethodInvocationAgent.invoke(TestInvoker.java:824)
at org.testng.internal.TestInvoker.invokeTestMethods(TestInvoker.java:146)
at org.testng.internal.TestMethodWorker.invokeTestMethods(TestMethodWorker.java:146)
at org.testng.internal.TestMethodWorker.run(TestMethodWorker.java:128)
at java.base/java.util.ArrayList.forEach(ArrayList.java:1511)
at org.testng.TestRunner.privateRun(TestRunner.java:794)
at org.testng.TestRunner.run(TestRunner.java:596)
at org.testng.SuiteRunner.runTest(SuiteRunner.java:377)
at org.testng.SuiteRunner.runSequentially(SuiteRunner.java:371)
at org.testng.SuiteRunner.privateRun(SuiteRunner.java:332)
at org.testng.SuiteRunner.run(SuiteRunner.java:276)
at org.testng.SuiteRunnerWorker.runSuite(SuiteRunnerWorker.java:53)
at org.testng.SuiteRunnerWorker.run(SuiteRunnerWorker.java:96)
at org.testng.TestNG.runSuitesSequentially(TestNG.java:1212)
at org.testng.TestNG.runSuitesLocally(TestNG.java:1134)
at org.testng.TestNG.runSuites(TestNG.java:1063)
at org.testng.TestNG.run(TestNG.java:1031)
at org.testng.remote.AbstractRemoteTestNG.run(AbstractRemoteTestNG.java:115)
at org.testng.remote.RemoteTestNG.initAndRun(RemoteTestNG.java:251)
at org.testng.remote.RemoteTestNG.main(RemoteTestNG.java:77)
]]>
    </failure>
  </testcase> <!-- GoToUrlAssertUrlClickAdvisorToolsToplftClickNominalCodlinkPositiveEnterSearchCodeinputPositive -->
  <system-out/>
</testsuite> <!-- tests.Ticket311.nominalcode_Soletrander -->
