<?xml version="1.0" encoding="UTF-8"?>
<!-- Generated by org.testng.reporters.JUnitReportReporter -->
<testsuite hostname="OB-Nidhi" failures="0" tests="1" name="VAT3.FullREC_F2_NOVAT.ScriptVATReturn3stVATReturnReport_SToFRS_PRE3" time="38.928" errors="0" timestamp="2021-07-28T20:37:48 IST" skipped="0">
  <testcase classname="VAT3.FullREC_F2_NOVAT.ScriptVATReturn3stVATReturnReport_SToFRS_PRE3" name="GoToUrlAssertUrlPositiveEnterUserNamePositiveEnterPasswordClickLoginButtonGoToUrlAssertUrlCl" time="38.928"/>
  <system-out/>
</testsuite> <!-- VAT3.FullREC_F2_NOVAT.ScriptVATReturn3stVATReturnReport_SToFRS_PRE3 -->
