<?xml version="1.0" encoding="UTF-8"?>
<!-- Generated by org.testng.reporters.JUnitReportReporter -->
<testsuite hostname="OB-Nidhi" failures="0" tests="1" name="VAT2.S2NoVAT.S2noVAT_ScriptEditSettingToVATType_StoF_55" time="49.840" errors="0" timestamp="2021-07-29T21:11:01 IST" skipped="0">
  <testcase classname="VAT2.S2NoVAT.S2noVAT_ScriptEditSettingToVATType_StoF_55" name="GoToUrlAssertUrlPositiveEnterUserNamePositiveEnterPasswordClickLoginButtonGoToUrlAssertUrlCl2" time="49.840"/>
  <system-out/>
</testsuite> <!-- VAT2.S2NoVAT.S2noVAT_ScriptEditSettingToVATType_StoF_55 -->
