<?xml version="1.0" encoding="UTF-8"?>
<!-- Generated by org.testng.reporters.JUnitReportReporter -->
<testsuite hostname="OB-Nidhi" failures="0" tests="1" name="tests.Ticket311.TC_16" time="29.892" errors="0" timestamp="2021-08-02T19:36:18 IST" skipped="0">
  <testcase classname="tests.Ticket311.TC_16" name="GoToUrlAssertUrlClickAdvisorToolsToplftClickNominalCodlinkPositiveEnterSearchCodeinputPositive" time="29.892"/>
  <system-out/>
</testsuite> <!-- tests.Ticket311.TC_16 -->
