<?xml version="1.0" encoding="UTF-8"?>
<!-- Generated by org.testng.reporters.JUnitReportReporter -->
<testsuite hostname="OB-Nidhi" failures="0" tests="1" name="test2.Nidhi.advance_reconsile.Supplier_SupplierBill_StoF__1_1" time="45.462" errors="0" timestamp="2021-11-08T14:41:58 IST" skipped="0">
  <testcase classname="test2.Nidhi.advance_reconsile.Supplier_SupplierBill_StoF__1_1" name="GoToUrlAssertUrlPositiveEnternLOGINPositiveEnternPASSClickLoginGoToUrlAssertUrlClickAgentsP1" time="45.462"/>
  <system-out/>
</testsuite> <!-- test2.Nidhi.advance_reconsile.Supplier_SupplierBill_StoF__1_1 -->
