<?xml version="1.0" encoding="UTF-8"?>
<!-- Generated by org.testng.reporters.JUnitReportReporter -->
<testsuite hostname="OB-Nidhi" failures="0" tests="1" name="tests.SupFlatToStandardReconcilation.SupToReconcile_DefaultProfile" time="72.673" errors="0" timestamp="2021-05-06T17:32:21 IST" skipped="0">
  <testcase classname="tests.SupFlatToStandardReconcilation.SupToReconcile_DefaultProfile" name="GoToUrlAssertUrlPositiveEnternLOGINPositiveEnternPASSClickLoginGoToUrlAssertUrlClickAgentsP1" time="72.673"/>
  <system-out/>
</testsuite> <!-- tests.SupFlatToStandardReconcilation.SupToReconcile_DefaultProfile -->
