<?xml version="1.0" encoding="UTF-8"?>
<!-- Generated by org.testng.reporters.JUnitReportReporter -->
<testsuite hostname="OB-Nidhi" failures="0" tests="1" name="VAT2.S2NoVAT.S2novat_EditVATType" time="47.735" errors="0" timestamp="2021-07-29T21:07:48 IST" skipped="0">
  <testcase classname="VAT2.S2NoVAT.S2novat_EditVATType" name="GoToUrlAssertUrlPositiveEnterUserNamePositiveEnterPasswordClickLoginButtonGoToUrlAssertUrlCl2" time="47.735"/>
  <system-out/>
</testsuite> <!-- VAT2.S2NoVAT.S2novat_EditVATType -->
