<?xml version="1.0" encoding="UTF-8"?>
<!-- Generated by org.testng.reporters.JUnitReportReporter -->
<testsuite hostname="OB-Nidhi" failures="0" tests="1" name="VAT2.F2NOVAT.F2noVat__ScriptVATReturn3stVATReturnReport_SToFlat_3" time="41.878" errors="0" timestamp="2021-07-28T20:37:48 IST" skipped="0">
  <testcase classname="VAT2.F2NOVAT.F2noVat__ScriptVATReturn3stVATReturnReport_SToFlat_3" name="GoToUrlAssertUrlPositiveEnterUserNamePositiveEnterPasswordClickLoginButtonGoToUrlAssertUrlCl" time="41.878"/>
  <system-out/>
</testsuite> <!-- VAT2.F2NOVAT.F2noVat__ScriptVATReturn3stVATReturnReport_SToFlat_3 -->
