<?xml version="1.0" encoding="UTF-8"?>
<!-- Generated by org.testng.reporters.JUnitReportReporter -->
<testsuite hostname="OB-Nidhi" failures="0" tests="1" name="ashivtest.Ashivlogintest_TCLOING" time="13.474" errors="0" timestamp="2021-09-16T12:48:16 IST" skipped="0">
  <testcase classname="ashivtest.Ashivlogintest_TCLOING" name="GoToUrlAssertUrlPositiveEnterAshivlogin1PositiveEnterashivpassClickashivsveLogin" time="13.474"/>
  <system-out/>
</testsuite> <!-- ashivtest.Ashivlogintest_TCLOING -->
