<?xml version="1.0" encoding="UTF-8"?>
<!-- Generated by org.testng.reporters.JUnitReportReporter -->
<testsuite hostname="OB-Nidhi" failures="0" tests="1" name="VAT3_UnReconciled_STOF.UN_ReconcileForDebitNote_1" time="49.068" errors="0" timestamp="2021-07-31T17:00:16 IST" skipped="0">
  <testcase classname="VAT3_UnReconciled_STOF.UN_ReconcileForDebitNote_1" name="GoToUrlAssertUrlPositiveEnternLOGINPositiveEnternPASSClickLoginGoToUrlAssertUrlClickAgentsP1" time="49.068"/>
  <system-out/>
</testsuite> <!-- VAT3_UnReconciled_STOF.UN_ReconcileForDebitNote_1 -->
