<?xml version="1.0" encoding="UTF-8"?>
<!-- Generated by org.testng.reporters.JUnitReportReporter -->
<testsuite hostname="OB-Nidhi" failures="0" tests="1" name="tests.Ticket_UX_1804.BalRpt_Balancerpt" time="83.059" errors="0" timestamp="2021-07-14T15:33:48 IST" skipped="0">
  <testcase classname="tests.Ticket_UX_1804.BalRpt_Balancerpt" name="GoToUrlClickBalanceReportPositiveSelectAsofPositiveEnterAsofDateToClickUpdatebtnbalanceClickCa" time="83.059"/>
  <system-out/>
</testsuite> <!-- tests.Ticket_UX_1804.BalRpt_Balancerpt -->
