<?xml version="1.0" encoding="UTF-8"?>
<!-- Generated by org.testng.reporters.JUnitReportReporter -->
<testsuite hostname="OB-Nidhi" failures="0" tests="6" name="VAT3.FullREC_S2_FLAT.Supplier__SupplierBill_1" time="564.993" errors="0" timestamp="2021-07-28T20:37:48 IST" skipped="0">
  <testcase classname="VAT3.FullREC_S2_FLAT.Supplier__SupplierBill_1" name="GoToUrlAssertUrlPositiveEnternLOGINPositiveEnternPASSClickLoginGoToUrlAssertUrlClickAgentsP2" time="91.353"/>
  <system-out/>
  <testcase classname="VAT3.FullREC_S2_FLAT.Supplier__SupplierBill_1" name="GoToUrlAssertUrlPositiveEnternLOGINPositiveEnternPASSClickLoginGoToUrlAssertUrlClickAgentsP9" time="100.642"/>
  <system-out/>
  <testcase classname="VAT3.FullREC_S2_FLAT.Supplier__SupplierBill_1" name="GoToUrlAssertUrlPositiveEnternLOGINPositiveEnternPASSClickLoginGoToUrlAssertUrlClickAgentsP5" time="91.101"/>
  <system-out/>
  <testcase classname="VAT3.FullREC_S2_FLAT.Supplier__SupplierBill_1" name="GoToUrlAssertUrlPositiveEnternLOGINPositiveEnternPASSClickLoginGoToUrlAssertUrlClickAgentsP1" time="97.738"/>
  <system-out/>
  <testcase classname="VAT3.FullREC_S2_FLAT.Supplier__SupplierBill_1" name="GoToUrlAssertUrlPositiveEnternLOGINPositiveEnternPASSClickLoginGoToUrlAssertUrlClickAgentsP6" time="90.683"/>
  <system-out/>
  <testcase classname="VAT3.FullREC_S2_FLAT.Supplier__SupplierBill_1" name="GoToUrlAssertUrlPositiveEnternLOGINPositiveEnternPASSClickLoginGoToUrlAssertUrlClickAgentsP7" time="93.476"/>
  <system-out/>
</testsuite> <!-- VAT3.FullREC_S2_FLAT.Supplier__SupplierBill_1 -->
