<?xml version="1.0" encoding="UTF-8"?>
<!-- Generated by org.testng.reporters.JUnitReportReporter -->
<testsuite hostname="OB-Nidhi" failures="0" tests="1" name="tests.Bank_Multicurrency.tr_nidbanktrn" time="56.946" errors="0" timestamp="2021-09-06T22:38:31 IST" skipped="0">
  <testcase classname="tests.Bank_Multicurrency.tr_nidbanktrn" name="nidbanktrnGoToUrlAssertUrlPositiveEnternLOGINPositiveEnternPASSClickLoginGoToUrlAssertUrlCl1" time="56.946"/>
  <system-out/>
</testsuite> <!-- tests.Bank_Multicurrency.tr_nidbanktrn -->
