<?xml version="1.0" encoding="UTF-8"?>
<!-- Generated by org.testng.reporters.JUnitReportReporter -->
<testsuite hostname="OB-Nidhi" failures="0" tests="1" name="tests.FlatToStandardReconcilation.SaleInToReconcile_DefaultProfile1" time="81.639" errors="0" timestamp="2021-04-26T16:06:02 IST" skipped="0">
  <testcase classname="tests.FlatToStandardReconcilation.SaleInToReconcile_DefaultProfile1" name="GoToUrlAssertUrlPositiveEnternLOGINPositiveEnternPASSClickLoginGoToUrlAssertUrlClickAgentsP1" time="81.639"/>
  <system-out/>
</testsuite> <!-- tests.FlatToStandardReconcilation.SaleInToReconcile_DefaultProfile1 -->
