<?xml version="1.0" encoding="UTF-8"?>
<!-- Generated by org.testng.reporters.JUnitReportReporter -->
<testsuite hostname="OB-Nidhi" failures="0" tests="1" name="tests.reconcileFlatToStand.ScriptVATReturn3stVATReturnReport_SToFlat_DefaultProfile" time="36.004" errors="0" timestamp="2021-04-21T13:54:04 IST" skipped="0">
  <testcase classname="tests.reconcileFlatToStand.ScriptVATReturn3stVATReturnReport_SToFlat_DefaultProfile" name="GoToUrlAssertUrlPositiveEnterUserNamePositiveEnterPasswordClickLoginButtonGoToUrlAssertUrlCl" time="36.004"/>
  <system-out/>
</testsuite> <!-- tests.reconcileFlatToStand.ScriptVATReturn3stVATReturnReport_SToFlat_DefaultProfile -->
