<?xml version="1.0" encoding="UTF-8"?>
<!-- Generated by org.testng.reporters.JUnitReportReporter -->
<testsuite hostname="OB-Nidhi" failures="0" tests="1" name="tests.reconcileFlatToStand.scriptaddvatrate_addvatrate" time="44.500" errors="0" timestamp="2021-04-21T13:54:04 IST" skipped="0">
  <testcase classname="tests.reconcileFlatToStand.scriptaddvatrate_addvatrate" name="addvatrateGoToUrlAssertUrlPositiveEnternLOGINPositiveEnternPASSClickLoginGoToUrlAssertUrlCl7" time="44.500"/>
  <system-out/>
</testsuite> <!-- tests.reconcileFlatToStand.scriptaddvatrate_addvatrate -->
