<?xml version="1.0" encoding="UTF-8"?>
<!-- Generated by org.testng.reporters.JUnitReportReporter -->
<testsuite hostname="OB-Nidhi" failures="0" tests="1" name="VAT2.S2F.SaleInToReconcile_DefaultProfile_StoF_Cus" time="92.769" errors="0" timestamp="2021-07-30T22:06:54 IST" skipped="0">
  <testcase classname="VAT2.S2F.SaleInToReconcile_DefaultProfile_StoF_Cus" name="GoToUrlAssertUrlPositiveEnternLOGINPositiveEnternPASSClickLoginGoToUrlAssertUrlClickAgentsP1" time="92.769"/>
  <system-out/>
</testsuite> <!-- VAT2.S2F.SaleInToReconcile_DefaultProfile_StoF_Cus -->
