<?xml version="1.0" encoding="UTF-8"?>
<!-- Generated by org.testng.reporters.JUnitReportReporter -->
<testsuite hostname="OB-Nidhi" failures="0" tests="1" name="tests.Ticket_UX_1804.dsunrecon_dsunrecon" time="64.395" errors="0" timestamp="2021-07-13T21:48:56 IST" skipped="0">
  <testcase classname="tests.Ticket_UX_1804.dsunrecon_dsunrecon" name="dsunreconGoToUrlClickunreconciledbankclick" time="64.395"/>
  <system-out/>
</testsuite> <!-- tests.Ticket_UX_1804.dsunrecon_dsunrecon -->
