<?xml version="1.0" encoding="UTF-8"?>
<!-- Generated by org.testng.reporters.JUnitReportReporter -->
<testsuite hostname="OB-Nidhi" failures="0" tests="1" name="VAT2.F2NOVAT.F2noVat_ScriptPostVATReturn3stVATReturnReport_3" time="39.609" errors="0" timestamp="2021-07-29T20:55:44 IST" skipped="0">
  <testcase classname="VAT2.F2NOVAT.F2noVat_ScriptPostVATReturn3stVATReturnReport_3" name="GoToUrlAssertUrlPositiveEnterUserNamePositiveEnterPasswordClickLoginButtonGoToUrlAssertUrlCl" time="39.609"/>
  <system-out/>
</testsuite> <!-- VAT2.F2NOVAT.F2noVat_ScriptPostVATReturn3stVATReturnReport_3 -->
