<?xml version="1.0" encoding="UTF-8"?>
<!-- Generated by org.testng.reporters.JUnitReportReporter -->
<testsuite hostname="OB-Nidhi" failures="0" tests="7" name="tests.Bank_Rule.RULE1_flowrun" time="450.323" errors="0" timestamp="2021-08-12T22:21:05 IST" skipped="0">
  <testcase classname="tests.Bank_Rule.RULE1_flowrun" name="GoToUrlClickMenuBankRulesPositiveSelectConditionFormulaEnterRuleDescClickAccountSelectcodePosi" time="63.554"/>
  <system-out/>
  <testcase classname="tests.Bank_Rule.RULE1_flowrun" name="GoToUrlClickMenuBankRulesPositiveSelectConditionFormulaEnterRuleDescClickAccountSelectcodePos8" time="63.260"/>
  <system-out/>
  <testcase classname="tests.Bank_Rule.RULE1_flowrun" name="GoToUrlClickMenuBankRulesPositiveSelectConditionFormulaEnterRuleDescClickAccountSelectcodePos11" time="68.230"/>
  <system-out/>
  <testcase classname="tests.Bank_Rule.RULE1_flowrun" name="GoToUrlClickMenuBankRulesPositiveSelectConditionFormulaEnterRuleDescClickAccountSelectcodePos1" time="62.347"/>
  <system-out/>
  <testcase classname="tests.Bank_Rule.RULE1_flowrun" name="GoToUrlClickMenuBankRulesPositiveSelectConditionFormulaEnterRuleDescClickAccountSelectcodePos12" time="62.947"/>
  <system-out/>
  <testcase classname="tests.Bank_Rule.RULE1_flowrun" name="GoToUrlClickMenuBankRulesPositiveSelectConditionFormulaEnterRuleDescClickAccountSelectcodePosi1" time="65.407"/>
  <system-out/>
  <testcase classname="tests.Bank_Rule.RULE1_flowrun" name="GoToUrlClickMenuBankRulesPositiveSelectConditionFormulaEnterRuleDescClickAccountSelectcodePosi10" time="64.578"/>
  <system-out/>
</testsuite> <!-- tests.Bank_Rule.RULE1_flowrun -->
