<?xml version="1.0" encoding="UTF-8"?>
<!-- Generated by org.testng.reporters.JUnitReportReporter -->
<testsuite hostname="OB-Nidhi" failures="0" tests="1" name="VAT2.S2F.ScriptPostVATReturn2stVATReturnReport_SToFlat" time="63.158" errors="0" timestamp="2021-07-30T22:32:11 IST" skipped="0">
  <testcase classname="VAT2.S2F.ScriptPostVATReturn2stVATReturnReport_SToFlat" name="GoToUrlAssertUrlPositiveEnterUserNamePositiveEnterPasswordClickLoginButtonGoToUrlAssertUrlCl" time="63.158"/>
  <system-out/>
</testsuite> <!-- VAT2.S2F.ScriptPostVATReturn2stVATReturnReport_SToFlat -->
