<?xml version="1.0" encoding="UTF-8"?>
<!-- Generated by org.testng.reporters.JUnitReportReporter -->
<testsuite hostname="OB-Nidhi" failures="0" tests="1" name="tests.Bank_new_Trans.bank_trans_Spntamt" time="960.840" errors="0" timestamp="2021-10-11T16:48:48 IST" skipped="0">
  <testcase classname="tests.Bank_new_Trans.bank_trans_Spntamt" name="nidbanktrnGoToUrlAssertUrlPositiveEnternLOGINPositiveEnternPASSClickLoginGoToUrlAssertUrlCl3" time="960.840"/>
  <system-out/>
</testsuite> <!-- tests.Bank_new_Trans.bank_trans_Spntamt -->
