<?xml version="1.0" encoding="UTF-8"?>
<!-- Generated by org.testng.reporters.JUnitReportReporter -->
<testsuite hostname="OB-Nidhi" failures="0" tests="1" name="tests.saleinvoice_saleinvoice1" time="49.659" errors="0" timestamp="2021-07-16T21:39:40 IST" skipped="0">
  <testcase classname="tests.saleinvoice_saleinvoice1" name="saleinvoice1GoToUrlAssertUrlPositiveEnternLOGINPositiveEnternPASSClickLoginGoToUrlAssertUrl1" time="49.659"/>
  <system-out/>
</testsuite> <!-- tests.saleinvoice_saleinvoice1 -->
