<?xml version="1.0" encoding="UTF-8"?>
<!-- Generated by org.testng.reporters.JUnitReportReporter -->
<testsuite hostname="OB-Nidhi" failures="0" tests="1" name="tests.Bank_Rule.tr_nidbanktrn" time="46.225" errors="0" timestamp="2021-08-12T16:14:32 IST" skipped="0">
  <testcase classname="tests.Bank_Rule.tr_nidbanktrn" name="nidbanktrnGoToUrlAssertUrlPositiveEnternLOGINPositiveEnternPASSClickLoginGoToUrlAssertUrlCl1" time="46.225"/>
  <system-out/>
</testsuite> <!-- tests.Bank_Rule.tr_nidbanktrn -->
