<?xml version="1.0" encoding="UTF-8"?>
<!-- Generated by org.testng.reporters.JUnitReportReporter -->
<testsuite hostname="OB-Nidhi" failures="0" tests="1" name="VAT2.S2F.ScriptPostVATReturn3stVATReturnReport_SToFlat" time="44.223" errors="0" timestamp="2021-07-30T22:33:14 IST" skipped="0">
  <testcase classname="VAT2.S2F.ScriptPostVATReturn3stVATReturnReport_SToFlat" name="GoToUrlAssertUrlPositiveEnterUserNamePositiveEnterPasswordClickLoginButtonGoToUrlAssertUrlCl" time="44.223"/>
  <system-out/>
</testsuite> <!-- VAT2.S2F.ScriptPostVATReturn3stVATReturnReport_SToFlat -->
