<?xml version="1.0" encoding="UTF-8"?>
<!-- Generated by org.testng.reporters.JUnitReportReporter -->
<testsuite hostname="OB-Nidhi" failures="0" tests="1" name="VAT2.F2NOVAT.F2noVat_scriptaddvatrate_addvatrate1_1" time="54.095" errors="0" timestamp="2021-07-29T19:27:44 IST" skipped="0">
  <testcase classname="VAT2.F2NOVAT.F2noVat_scriptaddvatrate_addvatrate1_1" name="addvatrateGoToUrlAssertUrlPositiveEnternLOGINPositiveEnternPASSClickLoginGoToUrlAssertUrlCl7" time="54.095"/>
  <system-out/>
</testsuite> <!-- VAT2.F2NOVAT.F2noVat_scriptaddvatrate_addvatrate1_1 -->
