<?xml version="1.0" encoding="UTF-8"?>
<!-- Generated by org.testng.reporters.JUnitReportReporter -->
<testsuite hostname="OB-Nidhi" failures="0" tests="1" name="VAT3_UnReconciled_STOF.UN_ScriptVATReturn2stVATReturnReport_SToFRS_DefaultProfileFullyReconcile_1" time="72.441" errors="0" timestamp="2021-07-28T20:37:48 IST" skipped="0">
  <testcase classname="VAT3_UnReconciled_STOF.UN_ScriptVATReturn2stVATReturnReport_SToFRS_DefaultProfileFullyReconcile_1" name="GoToUrlAssertUrlPositiveEnterUserNamePositiveEnterPasswordClickLoginButtonGoToUrlAssertUrlCl" time="72.441"/>
  <system-out/>
</testsuite> <!-- VAT3_UnReconciled_STOF.UN_ScriptVATReturn2stVATReturnReport_SToFRS_DefaultProfileFullyReconcile_1 -->
