<?xml version="1.0" encoding="UTF-8"?>
<!-- Generated by org.testng.reporters.JUnitReportReporter -->
<testsuite hostname="OB-Nidhi" failures="0" tests="2" name="tests.SaleInToReconcileForVATOnly_DefaultProfile" time="155.704" errors="0" timestamp="2021-04-14T19:18:05 IST" skipped="0">
  <testcase classname="tests.SaleInToReconcileForVATOnly_DefaultProfile" name="GoToUrlAssertUrlPositiveEnternLOGINPositiveEnternPASSClickLoginGoToUrlAssertUrlClickAgentsP1" time="79.231"/>
  <system-out/>
  <testcase classname="tests.SaleInToReconcileForVATOnly_DefaultProfile" name="GoToUrlAssertUrlPositiveEnternLOGINPositiveEnternPASSClickLoginGoToUrlAssertUrlClickAgentsP2" time="76.473"/>
  <system-out/>
</testsuite> <!-- tests.SaleInToReconcileForVATOnly_DefaultProfile -->
