<?xml version="1.0" encoding="UTF-8"?>
<!-- Generated by org.testng.reporters.JUnitReportReporter -->
<testsuite hostname="OB-Nidhi" failures="0" tests="1" name="VAT2.S2F.pre1_ScriptVATReturn1stVATReturnReport_SToFlat_cus" time="45.520" errors="0" timestamp="2021-07-28T20:37:48 IST" skipped="0">
  <testcase classname="VAT2.S2F.pre1_ScriptVATReturn1stVATReturnReport_SToFlat_cus" name="GoToUrlAssertUrlPositiveEnterUserNamePositiveEnterPasswordClickLoginButtonGoToUrlAssertUrlCl" time="45.520"/>
  <system-out/>
</testsuite> <!-- VAT2.S2F.pre1_ScriptVATReturn1stVATReturnReport_SToFlat_cus -->
