<?xml version="1.0" encoding="UTF-8"?>
<!-- Generated by org.testng.reporters.JUnitReportReporter -->
<testsuite hostname="OB-Nidhi" failures="0" tests="1" name="VAT3.FullREC_F2_NOVAT.Supplier_ScriptPostVATReturn2stVATReturnReport2" time="71.175" errors="0" timestamp="2021-07-28T20:37:48 IST" skipped="0">
  <testcase classname="VAT3.FullREC_F2_NOVAT.Supplier_ScriptPostVATReturn2stVATReturnReport2" name="GoToUrlAssertUrlPositiveEnterUserNamePositiveEnterPasswordClickLoginButtonGoToUrlAssertUrlCl" time="71.175"/>
  <system-out/>
</testsuite> <!-- VAT3.FullREC_F2_NOVAT.Supplier_ScriptPostVATReturn2stVATReturnReport2 -->
