<?xml version="1.0" encoding="UTF-8"?>
<!-- Generated by org.testng.reporters.JUnitReportReporter -->
<testsuite hostname="OB-Nidhi" failures="0" tests="1" name="tests.FlatToStandardReconcilation.ScriptEditSettingToVATType_DefaultProfile" time="93.733" errors="0" timestamp="2021-04-21T18:14:05 IST" skipped="0">
  <testcase classname="tests.FlatToStandardReconcilation.ScriptEditSettingToVATType_DefaultProfile" name="GoToUrlAssertUrlPositiveEnterUserNamePositiveEnterPasswordClickLoginButtonGoToUrlAssertUrlCl2" time="93.733"/>
  <system-out/>
</testsuite> <!-- tests.FlatToStandardReconcilation.ScriptEditSettingToVATType_DefaultProfile -->
