<?xml version="1.0" encoding="UTF-8"?>
<!-- Generated by org.testng.reporters.JUnitReportReporter -->
<testsuite hostname="OB-Nidhi" failures="0" tests="1" name="VAT2.F2S.SaleInToReconcile_DefaultProfile1" time="104.184" errors="0" timestamp="2021-10-04T18:08:45 IST" skipped="0">
  <testcase classname="VAT2.F2S.SaleInToReconcile_DefaultProfile1" name="GoToUrlAssertUrlPositiveEnternLOGINPositiveEnternPASSClickLoginGoToUrlAssertUrlClickAgentsP1" time="104.184"/>
  <system-out/>
</testsuite> <!-- VAT2.F2S.SaleInToReconcile_DefaultProfile1 -->
