<?xml version="1.0" encoding="UTF-8"?>
<!-- Generated by org.testng.reporters.JUnitReportReporter -->
<testsuite hostname="OB-Nidhi" failures="0" tests="1" name="VAT2.F2NOVAT.F2noVat_ScriptVATReturn1stVATReturnReport_1" time="44.815" errors="0" timestamp="2021-07-29T20:57:09 IST" skipped="0">
  <testcase classname="VAT2.F2NOVAT.F2noVat_ScriptVATReturn1stVATReturnReport_1" name="GoToUrlAssertUrlPositiveEnterUserNamePositiveEnterPasswordClickLoginButtonGoToUrlAssertUrlCl" time="44.815"/>
  <system-out/>
</testsuite> <!-- VAT2.F2NOVAT.F2noVat_ScriptVATReturn1stVATReturnReport_1 -->
