<?xml version="1.0" encoding="UTF-8"?>
<!-- Generated by org.testng.reporters.JUnitReportReporter -->
<testsuite hostname="OB-Nidhi" failures="0" tests="1" name="tests.TicketId3821.script_UnprocessTrans" time="25.176" errors="0" timestamp="2021-06-02T20:25:00 IST" skipped="0">
  <testcase classname="tests.TicketId3821.script_UnprocessTrans" name="GoToUrlClickUnreconsiledBnktrnClickReports3menuClickUnprocessedTransReprtClickunprocessedtrnsrp" time="25.176"/>
  <system-out/>
</testsuite> <!-- tests.TicketId3821.script_UnprocessTrans -->
