<?xml version="1.0" encoding="UTF-8"?>
<!-- Generated by org.testng.reporters.JUnitReportReporter -->
<testsuite hostname="OB-Nidhi" failures="0" tests="1" name="tests.Ticket311.TC_10" time="34.547" errors="0" timestamp="2021-08-02T20:33:47 IST" skipped="0">
  <testcase classname="tests.Ticket311.TC_10" name="GoToUrlAssertUrlClickAdvisorToolsToplftClickNominalCodlinkPositiveEnterSearchCodeinputPositive" time="34.547"/>
  <system-out/>
</testsuite> <!-- tests.Ticket311.TC_10 -->
