<?xml version="1.0" encoding="UTF-8"?>
<!-- Generated by org.testng.reporters.JUnitReportReporter -->
<testsuite hostname="OB-Nidhi" failures="0" tests="1" name="VAT3.FullREC_S2_NOVAT.Supplier__ScriptSubmitVA6" time="100.994" errors="0" timestamp="2021-07-28T20:37:48 IST" skipped="0">
  <testcase classname="VAT3.FullREC_S2_NOVAT.Supplier__ScriptSubmitVA6" name="GoToUrlAssertUrlPositiveEnterUserNamePositiveEnterPasswordClickLoginButtonGoToUrlAssertUrlCl" time="100.994"/>
  <system-out/>
</testsuite> <!-- VAT3.FullREC_S2_NOVAT.Supplier__ScriptSubmitVA6 -->
