<?xml version="1.0" encoding="UTF-8"?>
<!-- Generated by org.testng.reporters.JUnitReportReporter -->
<testsuite hostname="OB-Nidhi" failures="0" tests="2" name="tests.Bank_Multicurrency.bank_Bulk" time="95.948" errors="0" timestamp="2021-10-05T16:14:01 IST" skipped="0">
  <testcase classname="tests.Bank_Multicurrency.bank_Bulk" name="nidbanktrnGoToUrlAssertUrlPositiveEnternLOGINPositiveEnternPASSClickLoginGoToUrlAssertUrlCl2" time="43.382"/>
  <system-out/>
  <testcase classname="tests.Bank_Multicurrency.bank_Bulk" name="nidbanktrnGoToUrlAssertUrlPositiveEnternLOGINPositiveEnternPASSClickLoginGoToUrlAssertUrlCl1" time="52.566"/>
  <system-out/>
</testsuite> <!-- tests.Bank_Multicurrency.bank_Bulk -->
