<?xml version="1.0" encoding="UTF-8"?>
<!-- Generated by org.testng.reporters.JUnitReportReporter -->
<testsuite hostname="OB-Nidhi" failures="0" tests="1" name="VAT3_UnReconciled_FLAT2_NOVAT.UN_ScriptPostVATReturn2stVATReturnReport_Flat2NOVAT" time="69.892" errors="0" timestamp="2021-07-28T20:37:48 IST" skipped="0">
  <testcase classname="VAT3_UnReconciled_FLAT2_NOVAT.UN_ScriptPostVATReturn2stVATReturnReport_Flat2NOVAT" name="GoToUrlAssertUrlPositiveEnterUserNamePositiveEnterPasswordClickLoginButtonGoToUrlAssertUrlCl" time="69.892"/>
  <system-out/>
</testsuite> <!-- VAT3_UnReconciled_FLAT2_NOVAT.UN_ScriptPostVATReturn2stVATReturnReport_Flat2NOVAT -->
