<?xml version="1.0" encoding="UTF-8"?>
<!-- Generated by org.testng.reporters.JUnitReportReporter -->
<testsuite hostname="OB-Nidhi" failures="0" tests="1" name="tests.Sales_Customer_add.addmoreinfo_Addcustmore" time="80.947" errors="0" timestamp="2021-11-05T19:18:05 IST" skipped="0">
  <testcase classname="tests.Sales_Customer_add.addmoreinfo_Addcustmore" name="GoToUrlClickimgMoreClicked1EnterEneterRefnum2ClickVatnoAppliedNo3ClickVatnoAppliedYes3Positive68" time="80.947"/>
  <system-out/>
</testsuite> <!-- tests.Sales_Customer_add.addmoreinfo_Addcustmore -->
