<?xml version="1.0" encoding="UTF-8"?>
<!-- Generated by org.testng.reporters.JUnitReportReporter -->
<testsuite hostname="OB-Nidhi" failures="0" tests="35" name="tests.Bank_Bussines_search.Busssrc_srcbussiness" time="820.689" errors="0" timestamp="2021-10-18T10:15:01 IST" skipped="0">
  <testcase classname="tests.Bank_Bussines_search.Busssrc_srcbussiness" name="PositiveEnterEnterClientName1PositiveSelectSelectService2PositiveSelectSelectType4PositiveSelect11" time="21.706"/>
  <system-out/>
  <testcase classname="tests.Bank_Bussines_search.Busssrc_srcbussiness" name="PositiveEnterEnterClientName1PositiveSelectSelectService2PositiveSelectSelectType4PositiveSelect9" time="22.467"/>
  <system-out/>
  <testcase classname="tests.Bank_Bussines_search.Busssrc_srcbussiness" name="PositiveEnterEnterClientName1PositiveSelectSelectService2PositiveSelectSelectType4PositiveSelect22" time="21.617"/>
  <system-out/>
  <testcase classname="tests.Bank_Bussines_search.Busssrc_srcbussiness" name="PositiveEnterEnterClientName1PositiveSelectSelectService2PositiveSelectSelectType4PositiveSelect4" time="21.374"/>
  <system-out/>
  <testcase classname="tests.Bank_Bussines_search.Busssrc_srcbussiness" name="PositiveEnterEnterClientName1PositiveSelectSelectService2PositiveSelectSelectType4PositiveSelect24" time="22.618"/>
  <system-out/>
  <testcase classname="tests.Bank_Bussines_search.Busssrc_srcbussiness" name="PositiveEnterEnterClientName1PositiveSelectSelectService2PositiveSelectSelectType4PositiveSelect2" time="21.340"/>
  <system-out/>
  <testcase classname="tests.Bank_Bussines_search.Busssrc_srcbussiness" name="PositiveEnterEnterClientName1PositiveSelectSelectService2PositiveSelectSelectType4PositiveSelect25" time="21.422"/>
  <system-out/>
  <testcase classname="tests.Bank_Bussines_search.Busssrc_srcbussiness" name="PositiveEnterEnterClientName1PositiveSelectSelectService2PositiveSelectSelectType4PositiveSelect10" time="22.238"/>
  <system-out/>
  <testcase classname="tests.Bank_Bussines_search.Busssrc_srcbussiness" name="PositiveEnterEnterClientName1PositiveSelectSelectService2PositiveSelectSelectType4PositiveSelect7" time="22.971"/>
  <system-out/>
  <testcase classname="tests.Bank_Bussines_search.Busssrc_srcbussiness" name="PositiveEnterEnterClientName1PositiveSelectSelectService2PositiveSelectSelectType4PositiveSelect1" time="21.226"/>
  <system-out/>
  <testcase classname="tests.Bank_Bussines_search.Busssrc_srcbussiness" name="PositiveEnterEnterClientName1PositiveSelectSelectService2PositiveSelectSelectType4PositiveSelect21" time="21.765"/>
  <system-out/>
  <testcase classname="tests.Bank_Bussines_search.Busssrc_srcbussiness" name="PositiveEnterEnterClientName1PositiveSelectSelectService2PositiveSelectSelectType4PositiveSelect23" time="22.458"/>
  <system-out/>
  <testcase classname="tests.Bank_Bussines_search.Busssrc_srcbussiness" name="PositiveEnterEnterClientName1PositiveSelectSelectService2PositiveSelectSelectType4PositiveSelect30" time="22.513"/>
  <system-out/>
  <testcase classname="tests.Bank_Bussines_search.Busssrc_srcbussiness" name="PositiveEnterEnterClientName1PositiveSelectSelectService2PositiveSelectSelectType4PositiveSelect14" time="22.999"/>
  <system-out/>
  <testcase classname="tests.Bank_Bussines_search.Busssrc_srcbussiness" name="PositiveEnterEnterClientName1PositiveSelectSelectService2PositiveSelectSelectType4PositiveSelect5" time="21.618"/>
  <system-out/>
  <testcase classname="tests.Bank_Bussines_search.Busssrc_srcbussiness" name="PositiveEnterEnterClientName1PositiveSelectSelectService2PositiveSelectSelectType4PositiveSelect18" time="22.984"/>
  <system-out/>
  <testcase classname="tests.Bank_Bussines_search.Busssrc_srcbussiness" name="PositiveEnterEnterClientName1PositiveSelectSelectService2PositiveSelectSelectType4PositiveSelect8" time="22.372"/>
  <system-out/>
  <testcase classname="tests.Bank_Bussines_search.Busssrc_srcbussiness" name="PositiveEnterEnterClientName1PositiveSelectSelectService2PositiveSelectSelectType4PositiveSelect17" time="21.464"/>
  <system-out/>
  <testcase classname="tests.Bank_Bussines_search.Busssrc_srcbussiness" name="PositiveEnterEnterClientName1PositiveSelectSelectService2PositiveSelectSelectType4PositiveSelect6" time="21.361"/>
  <system-out/>
  <testcase classname="tests.Bank_Bussines_search.Busssrc_srcbussiness" name="PositiveEnterEnterClientName1PositiveSelectSelectService2PositiveSelectSelectType4PositiveSelect121" time="21.320"/>
  <system-out/>
  <testcase classname="tests.Bank_Bussines_search.Busssrc_srcbussiness" name="PositiveEnterEnterClientName1PositiveSelectSelectService2PositiveSelectSelectType4PositiveSelect20" time="22.700"/>
  <system-out/>
  <testcase classname="tests.Bank_Bussines_search.Busssrc_srcbussiness" name="PositiveEnterEnterClientName1PositiveSelectSelectService2PositiveSelectSelectType4PositiveSelect16" time="21.225"/>
  <system-out/>
  <testcase classname="tests.Bank_Bussines_search.Busssrc_srcbussiness" name="PositiveEnterEnterClientName1PositiveSelectSelectService2PositiveSelectSelectType4PositiveSelect13" time="22.695"/>
  <system-out/>
  <testcase classname="tests.Bank_Bussines_search.Busssrc_srcbussiness" name="PositiveEnterEnterClientName1PositiveSelectSelectService2PositiveSelectSelectType4PositiveSelect34" time="22.296"/>
  <system-out/>
  <testcase classname="tests.Bank_Bussines_search.Busssrc_srcbussiness" name="PositiveEnterEnterClientName1PositiveSelectSelectService2PositiveSelectSelectType4PositiveSelect29" time="68.008"/>
  <system-out/>
  <testcase classname="tests.Bank_Bussines_search.Busssrc_srcbussiness" name="PositiveEnterEnterClientName1PositiveSelectSelectService2PositiveSelectSelectType4PositiveSelect26" time="21.655"/>
  <system-out/>
  <testcase classname="tests.Bank_Bussines_search.Busssrc_srcbussiness" name="PositiveEnterEnterClientName1PositiveSelectSelectService2PositiveSelectSelectType4PositiveSelect33" time="22.414"/>
  <system-out/>
  <testcase classname="tests.Bank_Bussines_search.Busssrc_srcbussiness" name="PositiveEnterEnterClientName1PositiveSelectSelectService2PositiveSelectSelectType4PositiveSelect27" time="22.914"/>
  <system-out/>
  <testcase classname="tests.Bank_Bussines_search.Busssrc_srcbussiness" name="PositiveEnterEnterClientName1PositiveSelectSelectService2PositiveSelectSelectType4PositiveSelect" time="23.285"/>
  <system-out/>
  <testcase classname="tests.Bank_Bussines_search.Busssrc_srcbussiness" name="PositiveEnterEnterClientName1PositiveSelectSelectService2PositiveSelectSelectType4PositiveSelect32" time="21.829"/>
  <system-out/>
  <testcase classname="tests.Bank_Bussines_search.Busssrc_srcbussiness" name="PositiveEnterEnterClientName1PositiveSelectSelectService2PositiveSelectSelectType4PositiveSelect19" time="23.196"/>
  <system-out/>
  <testcase classname="tests.Bank_Bussines_search.Busssrc_srcbussiness" name="PositiveEnterEnterClientName1PositiveSelectSelectService2PositiveSelectSelectType4PositiveSelect31" time="22.351"/>
  <system-out/>
  <testcase classname="tests.Bank_Bussines_search.Busssrc_srcbussiness" name="PositiveEnterEnterClientName1PositiveSelectSelectService2PositiveSelectSelectType4PositiveSelect28" time="22.603"/>
  <system-out/>
  <testcase classname="tests.Bank_Bussines_search.Busssrc_srcbussiness" name="PositiveEnterEnterClientName1PositiveSelectSelectService2PositiveSelectSelectType4PositiveSelect15" time="22.128"/>
  <system-out/>
  <testcase classname="tests.Bank_Bussines_search.Busssrc_srcbussiness" name="PositiveEnterEnterClientName1PositiveSelectSelectService2PositiveSelectSelectType4PositiveSelect3" time="21.557"/>
  <system-out/>
</testsuite> <!-- tests.Bank_Bussines_search.Busssrc_srcbussiness -->
