<?xml version="1.0" encoding="UTF-8"?>
<!-- Generated by org.testng.reporters.JUnitReportReporter -->
<testsuite hostname="OB-Nidhi" failures="0" tests="1" name="VAT3_SuplierStandardtoFRSFullReconsilation.ScriptPostVATReturn1stVATReturnReport_DefaultProfileFullyReconcile_1" time="37.414" errors="0" timestamp="2021-06-02T21:36:18 IST" skipped="0">
  <testcase classname="VAT3_SuplierStandardtoFRSFullReconsilation.ScriptPostVATReturn1stVATReturnReport_DefaultProfileFullyReconcile_1" name="GoToUrlAssertUrlPositiveEnterUserNamePositiveEnterPasswordClickLoginButtonGoToUrlAssertUrlCl" time="37.414"/>
  <system-out/>
</testsuite> <!-- VAT3_SuplierStandardtoFRSFullReconsilation.ScriptPostVATReturn1stVATReturnReport_DefaultProfileFullyReconcile_1 -->
