<?xml version="1.0" encoding="UTF-8"?>
<!-- Generated by org.testng.reporters.JUnitReportReporter -->
<testsuite hostname="OB-Nidhi" failures="0" tests="1" name="VAT2.F2NOVAT.F2noVat_ScriptPostVATReturn2stVATReturnReport_2" time="67.100" errors="0" timestamp="2021-07-29T12:40:06 IST" skipped="0">
  <testcase classname="VAT2.F2NOVAT.F2noVat_ScriptPostVATReturn2stVATReturnReport_2" name="GoToUrlAssertUrlPositiveEnterUserNamePositiveEnterPasswordClickLoginButtonGoToUrlAssertUrlCl" time="67.100"/>
  <system-out/>
</testsuite> <!-- VAT2.F2NOVAT.F2noVat_ScriptPostVATReturn2stVATReturnReport_2 -->
