<?xml version="1.0" encoding="UTF-8"?>
<!-- Generated by org.testng.reporters.JUnitReportReporter -->
<testsuite hostname="OB-Nidhi" failures="0" tests="1" name="tests.ScriptEditSettingToVATType_DefaultProfile" time="77.365" errors="0" timestamp="2021-04-14T19:18:05 IST" skipped="0">
  <testcase classname="tests.ScriptEditSettingToVATType_DefaultProfile" name="GoToUrlAssertUrlPositiveEnterUserNamePositiveEnterPasswordClickLoginButtonGoToUrlAssertUrlCl2" time="77.365"/>
  <system-out/>
</testsuite> <!-- tests.ScriptEditSettingToVATType_DefaultProfile -->
