<?xml version="1.0" encoding="UTF-8"?>
<!-- Generated by org.testng.reporters.JUnitReportReporter -->
<testsuite hostname="OB-Nidhi" failures="0" tests="1" name="tests.Ticket_UX_1804.dashboard_verify" time="25.994" errors="0" timestamp="2021-07-13T21:48:56 IST" skipped="0">
  <testcase classname="tests.Ticket_UX_1804.dashboard_verify" name="advncbtnGoToUrlClickAdvancbtntopright" time="25.994"/>
  <system-out/>
</testsuite> <!-- tests.Ticket_UX_1804.dashboard_verify -->
