<?xml version="1.0" encoding="UTF-8"?>
<!-- Generated by org.testng.reporters.JUnitReportReporter -->
<testsuite hostname="OB-Nidhi" failures="0" tests="2" name="tests.Bank_new_Trans.bank_Bulk" time="88.165" errors="0" timestamp="2021-10-09T16:36:48 IST" skipped="0">
  <testcase classname="tests.Bank_new_Trans.bank_Bulk" name="nidbanktrnGoToUrlAssertUrlPositiveEnternLOGINPositiveEnternPASSClickLoginGoToUrlAssertUrlCl2" time="43.682"/>
  <system-out/>
  <testcase classname="tests.Bank_new_Trans.bank_Bulk" name="nidbanktrnGoToUrlAssertUrlPositiveEnternLOGINPositiveEnternPASSClickLoginGoToUrlAssertUrlCl1" time="44.483"/>
  <system-out/>
</testsuite> <!-- tests.Bank_new_Trans.bank_Bulk -->
