<?xml version="1.0" encoding="UTF-8"?>
<!-- Generated by org.testng.reporters.JUnitReportReporter -->
<testsuite hostname="OB-Nidhi" failures="0" tests="1" name="tests_311NotinUse.trialbalance_TRBALANKCE" time="50.547" errors="0" timestamp="2021-10-08T14:10:47 IST" skipped="0">
  <testcase classname="tests_311NotinUse.trialbalance_TRBALANKCE" name="GoToUrlClickAdvisortl1ClickTrialbalanceEntry2PositiveEnterctl00cPHFileUploadcsv1ClickUploadbutt" time="50.547"/>
  <system-out/>
</testsuite> <!-- tests_311NotinUse.trialbalance_TRBALANKCE -->
